<?xml version="1.0" encoding="UTF-8"?>
<testsuite xmlns:xsi="http://www.w3.org/2001/XMLSchema-instance" xsi:schemaLocation="https://maven.apache.org/surefire/maven-surefire-plugin/xsd/surefire-test-report.xsd" name="TestSuite" time="59.482" tests="7" errors="0" skipped="0" failures="1">
  <properties>
    <property name="java.runtime.name" value="Java(TM) SE Runtime Environment"/>
    <property name="java.vm.version" value="17.0.3+8-LTS-111"/>
    <property name="sun.boot.library.path" value="C:\Program Files\Java\jdk-17.0.3\bin"/>
    <property name="user.country.format" value="TR"/>
    <property name="maven.multiModuleProjectDirectory" value="C:\Users\onur.tarar\IdeaProjects\RestSpriteCloud"/>
    <property name="java.vm.vendor" value="Oracle Corporation"/>
    <property name="java.vendor.url" value="https://java.oracle.com/"/>
    <property name="guice.disable.misplaced.annotation.check" value="true"/>
    <property name="path.separator" value=";"/>
    <property name="java.vm.name" value="Java HotSpot(TM) 64-Bit Server VM"/>
    <property name="sun.os.patch.level" value=""/>
    <property name="user.script" value=""/>
    <property name="user.country" value="US"/>
    <property name="sun.java.launcher" value="SUN_STANDARD"/>
    <property name="java.vm.specification.name" value="Java Virtual Machine Specification"/>
    <property name="user.dir" value="C:\Users\onur.tarar\IdeaProjects\RestSpriteCloud"/>
    <property name="java.vm.compressedOopsMode" value="Zero based"/>
    <property name="java.runtime.version" value="17.0.3+8-LTS-111"/>
    <property name="os.arch" value="amd64"/>
    <property name="java.io.tmpdir" value="C:\Users\ONUR~1.TAR\AppData\Local\Temp\"/>
    <property name="line.separator" value="&#10;"/>
    <property name="java.vm.specification.vendor" value="Oracle Corporation"/>
    <property name="user.variant" value=""/>
    <property name="os.name" value="Windows 10"/>
    <property name="classworlds.conf" value="C:\Program Files\apache-maven-3.8.4\bin\m2.conf"/>
    <property name="sun.jnu.encoding" value="Cp1254"/>
    <property name="java.library.path" value="C:\Program Files\Java\jdk-17.0.3\bin;C:\Windows\Sun\Java\bin;C:\Windows\system32;C:\Windows;C:\Program Files\Common Files\Oracle\Java\javapath;C:\Windows\system32;C:\Windows;C:\Windows\System32\Wbem;C:\Windows\System32\WindowsPowerShell\v1.0\;C:\Windows\System32\OpenSSH\;C:\Program Files\Java\jdk1.8.0_321\bin;C:\Program Files\Gauge\bin;%ANDROID_HOME%\tools;C:\Program Files\apache-maven-3.8.4\bin;C:\Program Files\Java\jdk-17.0.3\bin;C:\Users\onur.tarar\AppData\Local\Android\Sdk\platform-tools;C:\driver\allure-2.13.0\bin;C:\Program Files\nodejs\;C:\Program Files\Git\cmd;C:\Ruby31-x64\bin;C:\Users\onur.tarar\AppData\Local\Programs\Python\Python310\Scripts\;C:\Users\onur.tarar\AppData\Local\Programs\Python\Python310\;C:\Users\onur.tarar\Anaconda3;C:\Users\onur.tarar\Anaconda3\Library\mingw-w64\bin;C:\Users\onur.tarar\Anaconda3\Library\usr\bin;C:\Users\onur.tarar\Anaconda3\Library\bin;C:\Users\onur.tarar\Anaconda3\Scripts;C:\Users\onur.tarar\AppData\Local\Microsoft\WindowsApps;C:\Users\onur.tarar\AppData\Local\JetBrains\IntelliJ IDEA Community Edition 2021.3.2\bin;;C:\Users\onur.tarar\AppData\Local\Programs\Git\cmd;C:\Program Files\Java\jdk1.8.0_321\bin;C:\Program Files (x86)\Sophos\Sophos SSL VPN Client\bin;C:\Program Files\JetBrains\RubyMine 2022.1\bin;;C:\Users\onur.tarar\AppData\Roaming\npm;C:\Users\onur.tarar\AppData\Local\Programs\Microsoft VS Code\bin;."/>
    <property name="maven.conf" value="C:\Program Files\apache-maven-3.8.4/conf"/>
    <property name="jdk.debug" value="release"/>
    <property name="java.class.version" value="61.0"/>
    <property name="java.specification.name" value="Java Platform API Specification"/>
    <property name="sun.management.compiler" value="HotSpot 64-Bit Tiered Compilers"/>
    <property name="os.version" value="10.0"/>
    <property name="library.jansi.path" value="C:\Program Files\apache-maven-3.8.4\lib\jansi-native"/>
    <property name="user.home" value="C:\Users\onur.tarar"/>
    <property name="user.timezone" value="Europe/Istanbul"/>
    <property name="file.encoding" value="Cp1254"/>
    <property name="java.specification.version" value="17"/>
    <property name="user.name" value="onur.tarar"/>
    <property name="java.class.path" value="C:\Program Files\apache-maven-3.8.4\boot\plexus-classworlds-2.6.0.jar"/>
    <property name="java.vm.specification.version" value="17"/>
    <property name="sun.arch.data.model" value="64"/>
    <property name="sun.java.command" value="org.codehaus.plexus.classworlds.launcher.Launcher test"/>
    <property name="java.home" value="C:\Program Files\Java\jdk-17.0.3"/>
    <property name="user.language" value="en"/>
    <property name="java.specification.vendor" value="Oracle Corporation"/>
    <property name="user.language.format" value="tr"/>
    <property name="java.vm.info" value="mixed mode, sharing"/>
    <property name="java.version" value="17.0.3"/>
    <property name="native.encoding" value="Cp1254"/>
    <property name="java.vendor" value="Oracle Corporation"/>
    <property name="sun.stderr.encoding" value="cp857"/>
    <property name="maven.home" value="C:\Program Files\apache-maven-3.8.4"/>
    <property name="file.separator" value="\"/>
    <property name="java.version.date" value="2022-04-19"/>
    <property name="java.vendor.url.bug" value="https://bugreport.java.com/bugreport/"/>
    <property name="sun.io.unicode.encoding" value="UnicodeLittle"/>
    <property name="sun.cpu.endian" value="little"/>
    <property name="sun.stdout.encoding" value="cp857"/>
    <property name="sun.cpu.isalist" value="amd64"/>
  </properties>
  <testcase name="createPetHappyPath" classname="services.pet.CreatePetTest" time="0.926"/>
  <testcase name="deletePetHappyPath" classname="services.pet.DeletePetTest" time="1.602">
    <failure message="expected [200] but found [405]" type="java.lang.AssertionError">java.lang.AssertionError: expected [200] but found [405]
	at services.pet.DeletePetTest.deletePetHappyPath(DeletePetTest.java:16)
</failure>
    <system-out><![CDATA[Request method:	GET
Request URI:	https://petstore.swagger.io/v2/pet/findByStatus?status=available
Proxy:			<none>
Request params:	<none>
Query params:	status=available
Form params:	<none>
Path params:	<none>
Headers:		xAutomation=true
				Accept=*/*
				Content-Type=application/json
Cookies:		<none>
Multiparts:		<none>
Body:			<none>
[
    {
        "id": 9223372036854251011,
        "category": {
            "id": 0,
            "name": "string"
        },
        "name": "doggie",
        "photoUrls": [
            "string"
        ],
        "tags": [
            {
                "id": 0,
                "name": "string"
            }
        ],
        "status": "available"
    },
    {
        "id": 9223372036854251012,
        "category": {
            "id": 0,
            "name": "string"
        },
        "name": "doggie",
        "photoUrls": [
            "string"
        ],
        "tags": [
            {
                "id": 0,
                "name": "string"
            }
        ],
        "status": "available"
    },
    {
        "id": 9223372036854251013,
        "category": {
            "id": 0,
            "name": "string"
        },
        "name": "doggie",
        "photoUrls": [
            "string"
        ],
        "tags": [
            {
                "id": 0,
                "name": "string"
            }
        ],
        "status": "available"
    },
    {
        "id": 9223372036854251014,
        "category": {
            "id": 0,
            "name": "string"
        },
        "name": "fish",
        "photoUrls": [
            "string"
        ],
        "tags": [
            {
                "id": 0,
                "name": "string"
            }
        ],
        "status": "available"
    },
    {
        "id": 9223372036854251017,
        "category": {
            "id": 0,
            "name": "string"
        },
        "name": "fish",
        "photoUrls": [
            "string"
        ],
        "tags": [
            {
                "id": 0,
                "name": "string"
            }
        ],
        "status": "available"
    },
    {
        "id": 9223372036854251019,
        "category": {
            "id": 0,
            "name": "string"
        },
        "name": "fish",
        "photoUrls": [
            "string"
        ],
        "tags": [
            {
                "id": 0,
                "name": "string"
            }
        ],
        "status": "available"
    },
    {
        "id": 585858,
        "category": {
            "id": 1,
            "name": "a"
        },
        "name": "b",
        "photoUrls": [
            
        ],
        "tags": [
            
        ],
        "status": "available"
    },
    {
        "id": 595959,
        "category": {
            "id": 1,
            "name": "a"
        },
        "name": "a",
        "photoUrls": [
            
        ],
        "tags": [
            
        ],
        "status": "available"
    },
    {
        "id": 9223372036854251024,
        "category": {
            "id": 0,
            "name": "string"
        },
        "name": "fish",
        "photoUrls": [
            "string"
        ],
        "tags": [
            {
                "id": 0,
                "name": "string"
            }
        ],
        "status": "available"
    },
    {
        "id": 9223372036854251025,
        "category": {
            "id": 0,
            "name": "Chat"
        },
        "name": "Miau",
        "photoUrls": [
            "https://images.monchat.fr/miau_01.png"
        ],
        "tags": [
            
        ],
        "status": "available"
    },
    {
        "id": 9223372036854251027,
        "category": {
            "id": 0,
            "name": "string"
        },
        "name": "fish",
        "photoUrls": [
            "string"
        ],
        "tags": [
            {
                "id": 0,
                "name": "string"
            }
        ],
        "status": "available"
    },
    {
        "id": 9223372036854251030,
        "category": {
            "id": 0,
            "name": "string"
        },
        "name": "fish",
        "photoUrls": [
            "string"
        ],
        "tags": [
            {
                "id": 0,
                "name": "string"
            }
        ],
        "status": "available"
    },
    {
        "id": 9223372036854251034,
        "name": "dog",
        "photoUrls": [
            
        ],
        "tags": [
            {
                "id": 0,
                "name": "large"
            }
        ],
        "status": "available"
    },
    {
        "id": 9223372036854251037,
        "category": {
            "id": 0,
            "name": "Chat"
        },
        "name": "Miau",
        "photoUrls": [
            "https://images.monchat.fr/miau_01.png"
        ],
        "tags": [
            
        ],
        "status": "available"
    },
    {
        "id": 9223372036854251039,
        "category": {
            "id": 0,
            "name": "string"
        },
        "name": "doggie",
        "photoUrls": [
            "string"
        ],
        "tags": [
            {
                "id": 0,
                "name": "string"
            }
        ],
        "status": "available"
    },
    {
        "id": 9223372036854251040,
        "category": {
            "id": 0,
            "name": "string"
        },
        "name": "doggie",
        "photoUrls": [
            "string"
        ],
        "tags": [
            {
                "id": 0,
                "name": "string"
            }
        ],
        "status": "available"
    },
    {
        "id": 9223372036854251041,
        "category": {
            "id": 0,
            "name": "string"
        },
        "name": "doggie",
        "photoUrls": [
            "string"
        ],
        "tags": [
            {
                "id": 0,
                "name": "string"
            }
        ],
        "status": "available"
    },
    {
        "id": 9223372036854251042,
        "category": {
            "id": 0,
            "name": "string"
        },
        "name": "doggie",
        "photoUrls": [
            "string"
        ],
        "tags": [
            {
                "id": 0,
                "name": "string"
            }
        ],
        "status": "available"
    },
    {
        "id": 9223372036854251043,
        "category": {
            "id": 0,
            "name": "string"
        },
        "name": "doggie",
        "photoUrls": [
            "string"
        ],
        "tags": [
            {
                "id": 0,
                "name": "string"
            }
        ],
        "status": "available"
    },
    {
        "id": 9223372036854251044,
        "category": {
            "id": 0,
            "name": "string"
        },
        "name": "doggie",
        "photoUrls": [
            "string"
        ],
        "tags": [
            {
                "id": 0,
                "name": "string"
            }
        ],
        "status": "available"
    },
    {
        "id": 9223372036854251045,
        "category": {
            "id": 0,
            "name": "string"
        },
        "name": "doggie",
        "photoUrls": [
            "string"
        ],
        "tags": [
            {
                "id": 0,
                "name": "string"
            }
        ],
        "status": "available"
    },
    {
        "id": 9223372036854251046,
        "category": {
            "id": 0,
            "name": "string"
        },
        "name": "doggie",
        "photoUrls": [
            "string"
        ],
        "tags": [
            {
                "id": 0,
                "name": "string"
            }
        ],
        "status": "available"
    },
    {
        "id": 9223372036854251047,
        "category": {
            "id": 0,
            "name": "string"
        },
        "name": "doggie",
        "photoUrls": [
            "string"
        ],
        "tags": [
            {
                "id": 0,
                "name": "string"
            }
        ],
        "status": "available"
    },
    {
        "id": 9223372036854251048,
        "category": {
            "id": 0,
            "name": "string"
        },
        "name": "doggie",
        "photoUrls": [
            "string"
        ],
        "tags": [
            {
                "id": 0,
                "name": "string"
            }
        ],
        "status": "available"
    },
    {
        "id": 9223372036854251049,
        "category": {
            "id": 0,
            "name": "string"
        },
        "name": "doggie",
        "photoUrls": [
            "string"
        ],
        "tags": [
            {
                "id": 0,
                "name": "string"
            }
        ],
        "status": "available"
    },
    {
        "id": 9223372036854251050,
        "category": {
            "id": 0,
            "name": "string"
        },
        "name": "doggie",
        "photoUrls": [
            "string"
        ],
        "tags": [
            {
                "id": 0,
                "name": "string"
            }
        ],
        "status": "available"
    },
    {
        "id": 9223372036854251051,
        "category": {
            "id": 0,
            "name": "string"
        },
        "name": "fish",
        "photoUrls": [
            "string"
        ],
        "tags": [
            {
                "id": 0,
                "name": "string"
            }
        ],
        "status": "available"
    },
    {
        "id": 9223372036854251052,
        "category": {
            "id": 0,
            "name": "string"
        },
        "name": "doggie",
        "photoUrls": [
            "string"
        ],
        "tags": [
            {
                "id": 0,
                "name": "string"
            }
        ],
        "status": "available"
    },
    {
        "id": 9223372036854251053,
        "category": {
            "id": 0,
            "name": "string"
        },
        "name": "doggie",
        "photoUrls": [
            "string"
        ],
        "tags": [
            {
                "id": 0,
                "name": "string"
            }
        ],
        "status": "available"
    },
    {
        "id": 9223372036854251054,
        "category": {
            "id": 0,
            "name": "string"
        },
        "name": "doggie",
        "photoUrls": [
            "string"
        ],
        "tags": [
            {
                "id": 0,
                "name": "string"
            }
        ],
        "status": "available"
    },
    {
        "id": 9223372036854251055,
        "category": {
            "id": 0,
            "name": "string"
        },
        "name": "doggie",
        "photoUrls": [
            "string"
        ],
        "tags": [
            {
                "id": 0,
                "name": "string"
            }
        ],
        "status": "available"
    },
    {
        "id": 9223372036854251056,
        "category": {
            "id": 0,
            "name": "string"
        },
        "name": "doggie",
        "photoUrls": [
            "string"
        ],
        "tags": [
            {
                "id": 0,
                "name": "string"
            }
        ],
        "status": "available"
    },
    {
        "id": 9223372036854251057,
        "category": {
            "id": 0,
            "name": "string"
        },
        "name": "doggie",
        "photoUrls": [
            "string"
        ],
        "tags": [
            {
                "id": 0,
                "name": "string"
            }
        ],
        "status": "available"
    },
    {
        "id": 9223372036854251058,
        "category": {
            "id": 0,
            "name": "string"
        },
        "name": "fish",
        "photoUrls": [
            "string"
        ],
        "tags": [
            {
                "id": 0,
                "name": "string"
            }
        ],
        "status": "available"
    },
    {
        "id": 9223372036854251059,
        "category": {
            "id": 0,
            "name": "Chat"
        },
        "name": "Miau",
        "photoUrls": [
            "https://images.monchat.fr/miau_01.png"
        ],
        "tags": [
            
        ],
        "status": "available"
    },
    {
        "id": 9223372036854251062,
        "name": "dog",
        "photoUrls": [
            
        ],
        "tags": [
            {
                "id": 0,
                "name": "large"
            }
        ],
        "status": "available"
    },
    {
        "id": 9223372036854251063,
        "category": {
            "id": 0,
            "name": "Chat"
        },
        "name": "Miau",
        "photoUrls": [
            "https://images.monchat.fr/miau_01.png"
        ],
        "tags": [
            
        ],
        "status": "available"
    },
    {
        "id": 9223372036854251064,
        "category": {
            "id": 0,
            "name": "Poisson"
        },
        "name": "Nemo",
        "photoUrls": [
            ""
        ],
        "tags": [
            
        ],
        "status": "available"
    },
    {
        "id": 9223372036854251065,
        "category": {
            "id": 0,
            "name": "Chat"
        },
        "name": "Miau",
        "photoUrls": [
            "https://images.monchat.fr/miau_01.png"
        ],
        "tags": [
            
        ],
        "status": "available"
    },
    {
        "id": 9223372036854251067,
        "category": {
            "id": 0,
            "name": "string"
        },
        "name": "doggie",
        "photoUrls": [
            "string"
        ],
        "tags": [
            {
                "id": 0,
                "name": "string"
            }
        ],
        "status": "available"
    },
    {
        "id": 9223372036854251070,
        "category": {
            "id": 0,
            "name": "Chat"
        },
        "name": "Miau",
        "photoUrls": [
            "https://images.monchat.fr/miau_01.png"
        ],
        "tags": [
            
        ],
        "status": "available"
    },
    {
        "id": 9223372036854251073,
        "category": {
            "id": 0,
            "name": "Chat"
        },
        "name": "Minou",
        "photoUrls": [
            "https://images.monchat.fr/miau_01.png"
        ],
        "tags": [
            
        ],
        "status": "available"
    },
    {
        "id": 9223372036854251076,
        "category": {
            "id": 0,
            "name": "string"
        },
        "name": "doggie",
        "photoUrls": [
            "string"
        ],
        "tags": [
            {
                "id": 0,
                "name": "string"
            }
        ],
        "status": "available"
    },
    {
        "id": 9223372036854251077,
        "category": {
            "id": 0,
            "name": "string"
        },
        "name": "fish",
        "photoUrls": [
            "string"
        ],
        "tags": [
            {
                "id": 0,
                "name": "string"
            }
        ],
        "status": "available"
    },
    {
        "id": 9223372036854251078,
        "category": {
            "id": 0,
            "name": "string"
        },
        "name": "fish",
        "photoUrls": [
            "string"
        ],
        "tags": [
            {
                "id": 0,
                "name": "string"
            }
        ],
        "status": "available"
    },
    {
        "id": 9223372036854251079,
        "category": {
            "id": 0,
            "name": "Chat"
        },
        "name": "Miau",
        "photoUrls": [
            "https://images.monchat.fr/miau_01.png"
        ],
        "tags": [
            
        ],
        "status": "available"
    },
    {
        "id": 9223372036854251080,
        "category": {
            "id": 0,
            "name": "Chat"
        },
        "name": "Minou",
        "photoUrls": [
            "https://images.monchat.fr/miau_01.png"
        ],
        "tags": [
            
        ],
        "status": "available"
    },
    {
        "id": 87761928,
        "category": {
            "id": 79585961,
            "name": "nhhsmzjn"
        },
        "name": "gxisdgwo",
        "photoUrls": [
            "https:\\\\petphoto"
        ],
        "tags": [
            {
                "id": 0,
                "name": "doggie"
            }
        ],
        "status": "available"
    },
    {
        "id": 30069795,
        "category": {
            "id": 56960330,
            "name": "cptpaefl"
        },
        "name": "nrdxrfbn",
        "photoUrls": [
            "https:\\\\petphoto"
        ],
        "tags": [
            {
                "id": 0,
                "name": "doggie"
            }
        ],
        "status": "available"
    },
    {
        "id": 56224821,
        "category": {
            "id": 0,
            "name": "animal"
        },
        "name": "ovhljyli",
        "photoUrls": [
            "https:\\\\petphoto"
        ],
        "tags": [
            {
                "id": 0,
                "name": "kitty"
            }
        ],
        "status": "available"
    },
    {
        "id": 98,
        "category": {
            "id": 555,
            "name": "Cats"
        },
        "name": "Joker",
        "photoUrls": [
            "string"
        ],
        "tags": [
            {
                "id": 0,
                "name": "string"
            }
        ],
        "status": "available"
    },
    {
        "id": 9223372036854251084,
        "category": {
            "id": 0,
            "name": "string"
        },
        "name": "doggie",
        "photoUrls": [
            "string"
        ],
        "tags": [
            {
                "id": 0,
                "name": "string"
            }
        ],
        "status": "available"
    },
    {
        "id": 9223372036854251085,
        "category": {
            "id": 0,
            "name": "string"
        },
        "name": "doggie",
        "photoUrls": [
            "string"
        ],
        "tags": [
            {
                "id": 0,
                "name": "string"
            }
        ],
        "status": "available"
    },
    {
        "id": 9223372036854251086,
        "category": {
            "id": 0,
            "name": "string"
        },
        "name": "doggie",
        "photoUrls": [
            "string"
        ],
        "tags": [
            {
                "id": 0,
                "name": "string"
            }
        ],
        "status": "available"
    },
    {
        "id": 9223372036854251087,
        "category": {
            "id": 0,
            "name": "string"
        },
        "name": "doggie",
        "photoUrls": [
            "string"
        ],
        "tags": [
            {
                "id": 0,
                "name": "string"
            }
        ],
        "status": "available"
    },
    {
        "id": 9223372036854251088,
        "category": {
            "id": 0,
            "name": "string"
        },
        "name": "doggie",
        "photoUrls": [
            "string"
        ],
        "tags": [
            {
                "id": 0,
                "name": "string"
            }
        ],
        "status": "available"
    },
    {
        "id": 9223372036854251089,
        "category": {
            "id": 0,
            "name": "string"
        },
        "name": "doggie",
        "photoUrls": [
            "string"
        ],
        "tags": [
            {
                "id": 0,
                "name": "string"
            }
        ],
        "status": "available"
    },
    {
        "id": 9223372036854251090,
        "category": {
            "id": 0,
            "name": "string"
        },
        "name": "doggie",
        "photoUrls": [
            "string"
        ],
        "tags": [
            {
                "id": 0,
                "name": "string"
            }
        ],
        "status": "available"
    },
    {
        "id": 9223372036854251091,
        "category": {
            "id": 0,
            "name": "string"
        },
        "name": "doggie",
        "photoUrls": [
            "string"
        ],
        "tags": [
            {
                "id": 0,
                "name": "string"
            }
        ],
        "status": "available"
    },
    {
        "id": 9223372036854251092,
        "category": {
            "id": 0,
            "name": "string"
        },
        "name": "doggie",
        "photoUrls": [
            "string"
        ],
        "tags": [
            {
                "id": 0,
                "name": "string"
            }
        ],
        "status": "available"
    },
    {
        "id": 9223372036854251093,
        "category": {
            "id": 0,
            "name": "string"
        },
        "name": "fish",
        "photoUrls": [
            "string"
        ],
        "tags": [
            {
                "id": 0,
                "name": "string"
            }
        ],
        "status": "available"
    },
    {
        "id": 9223372036854251094,
        "category": {
            "id": 0,
            "name": "string"
        },
        "name": "doggie",
        "photoUrls": [
            "string"
        ],
        "tags": [
            {
                "id": 0,
                "name": "string"
            }
        ],
        "status": "available"
    },
    {
        "id": 9223372036854251095,
        "category": {
            "id": 0,
            "name": "string"
        },
        "name": "fish",
        "photoUrls": [
            "string"
        ],
        "tags": [
            {
                "id": 0,
                "name": "string"
            }
        ],
        "status": "available"
    },
    {
        "id": 9223372036854251096,
        "category": {
            "id": 0,
            "name": "string"
        },
        "name": "doggie",
        "photoUrls": [
            "string"
        ],
        "tags": [
            {
                "id": 0,
                "name": "string"
            }
        ],
        "status": "available"
    },
    {
        "id": 9223372036854251097,
        "category": {
            "id": 0,
            "name": "string"
        },
        "name": "doggie",
        "photoUrls": [
            "string"
        ],
        "tags": [
            {
                "id": 0,
                "name": "string"
            }
        ],
        "status": "available"
    },
    {
        "id": 9223372036854251098,
        "category": {
            "id": 0,
            "name": "string"
        },
        "name": "fish",
        "photoUrls": [
            "string"
        ],
        "tags": [
            {
                "id": 0,
                "name": "string"
            }
        ],
        "status": "available"
    },
    {
        "id": 17,
        "category": {
            "id": 0,
            "name": "Dante"
        },
        "name": "Dante",
        "photoUrls": [
            "http://placeimg.com/640/480/cats"
        ],
        "tags": [
            {
                "id": 0,
                "name": "Dante"
            }
        ],
        "status": "available"
    },
    {
        "id": 9223372036854251099,
        "category": {
            "id": 0,
            "name": "Chat"
        },
        "name": "Miau",
        "photoUrls": [
            "https://images.monchat.fr/miau_01.png"
        ],
        "tags": [
            
        ],
        "status": "available"
    },
    {
        "id": 9223372036854251100,
        "category": {
            "id": 0,
            "name": "string"
        },
        "name": "doggie",
        "photoUrls": [
            "string"
        ],
        "tags": [
            {
                "id": 0,
                "name": "string"
            }
        ],
        "status": "available"
    },
    {
        "id": 9223372036854251101,
        "category": {
            "id": 0,
            "name": "string"
        },
        "name": "doggie",
        "photoUrls": [
            "string"
        ],
        "tags": [
            {
                "id": 0,
                "name": "string"
            }
        ],
        "status": "available"
    },
    {
        "id": 9223372036854251102,
        "category": {
            "id": 0,
            "name": "string"
        },
        "name": "doggie",
        "photoUrls": [
            "string"
        ],
        "tags": [
            {
                "id": 0,
                "name": "string"
            }
        ],
        "status": "available"
    },
    {
        "id": 9223372036854251103,
        "category": {
            "id": 0,
            "name": "Chat"
        },
        "name": "Minou",
        "photoUrls": [
            "https://images.monchat.fr/miau_01.png"
        ],
        "tags": [
            
        ],
        "status": "available"
    },
    {
        "id": 9223372036854251104,
        "category": {
            "id": 0,
            "name": "Chien"
        },
        "name": "Ouaf",
        "photoUrls": [
            "https://images.monchat.fr/miau_01.png"
        ],
        "tags": [
            
        ],
        "status": "available"
    },
    {
        "id": 9223372036854251105,
        "category": {
            "id": 0,
            "name": "string"
        },
        "name": "doggie",
        "photoUrls": [
            "string"
        ],
        "tags": [
            {
                "id": 0,
                "name": "string"
            }
        ],
        "status": "available"
    },
    {
        "id": 9223372036854251106,
        "category": {
            "id": 0,
            "name": "string"
        },
        "name": "doggie",
        "photoUrls": [
            "string"
        ],
        "tags": [
            {
                "id": 0,
                "name": "string"
            }
        ],
        "status": "available"
    },
    {
        "id": 9223372036854251107,
        "category": {
            "id": 0,
            "name": "string"
        },
        "name": "doggie",
        "photoUrls": [
            "string"
        ],
        "tags": [
            {
                "id": 0,
                "name": "string"
            }
        ],
        "status": "available"
    },
    {
        "id": 9223372036854251108,
        "category": {
            "id": 0,
            "name": "string"
        },
        "name": "fish",
        "photoUrls": [
            "string"
        ],
        "tags": [
            {
                "id": 0,
                "name": "string"
            }
        ],
        "status": "available"
    },
    {
        "id": 9223372036854251109,
        "category": {
            "id": 0,
            "name": "Chat"
        },
        "name": "Miau",
        "photoUrls": [
            ""
        ],
        "tags": [
            
        ],
        "status": "available"
    },
    {
        "id": 9223372036854251110,
        "category": {
            "id": 0,
            "name": "string"
        },
        "name": "fish",
        "photoUrls": [
            "string"
        ],
        "tags": [
            {
                "id": 0,
                "name": "string"
            }
        ],
        "status": "available"
    },
    {
        "id": 9223372036854251113,
        "category": {
            "id": 0,
            "name": "string"
        },
        "name": "doggie",
        "photoUrls": [
            "string"
        ],
        "tags": [
            {
                "id": 0,
                "name": "string"
            }
        ],
        "status": "available"
    },
    {
        "id": 33566872,
        "category": {
            "id": 89204913,
            "name": "bcuasplg"
        },
        "name": "uniwzwzz",
        "photoUrls": [
            "https:\\\\petphoto"
        ],
        "tags": [
            {
                "id": 0,
                "name": "doggie"
            }
        ],
        "status": "available"
    },
    {
        "id": 47152825,
        "category": {
            "id": 72368780,
            "name": "elugtrpo"
        },
        "name": "xhrlkxib",
        "photoUrls": [
            "https:\\\\petphoto"
        ],
        "tags": [
            {
                "id": 0,
                "name": "doggie"
            }
        ],
        "status": "available"
    },
    {
        "id": 22841819,
        "category": {
            "id": 0,
            "name": "animal"
        },
        "name": "tyzwbudr",
        "photoUrls": [
            "https:\\\\petphoto"
        ],
        "tags": [
            {
                "id": 0,
                "name": "kitty"
            }
        ],
        "status": "available"
    },
    {
        "id": 9223372036854251115,
        "category": {
            "id": 0,
            "name": "Poisson"
        },
        "name": "Nemo",
        "photoUrls": [
            "string"
        ],
        "tags": [
            {
                "id": 0,
                "name": "string"
            }
        ],
        "status": "available"
    },
    {
        "id": 9223372036854251117,
        "category": {
            "id": 0,
            "name": "Chat"
        },
        "name": "Miau",
        "photoUrls": [
            ""
        ],
        "tags": [
            
        ],
        "status": "available"
    },
    {
        "id": 9223372036854251121,
        "category": {
            "id": 0,
            "name": "Chat"
        },
        "name": "Miau",
        "photoUrls": [
            ""
        ],
        "tags": [
            
        ],
        "status": "available"
    },
    {
        "id": 9223372036854251122,
        "name": "dog",
        "photoUrls": [
            
        ],
        "tags": [
            {
                "id": 0,
                "name": "large"
            }
        ],
        "status": "available"
    },
    {
        "id": 9223372036854251123,
        "category": {
            "id": 0,
            "name": "Chat"
        },
        "name": "Miau",
        "photoUrls": [
            ""
        ],
        "tags": [
            
        ],
        "status": "available"
    },
    {
        "id": 9223372036854251124,
        "category": {
            "id": 0,
            "name": "string"
        },
        "name": "fish",
        "photoUrls": [
            "string"
        ],
        "tags": [
            {
                "id": 0,
                "name": "string"
            }
        ],
        "status": "available"
    },
    {
        "id": 9223372036854251127,
        "category": {
            "id": 0,
            "name": "string"
        },
        "name": "doggie",
        "photoUrls": [
            "string"
        ],
        "tags": [
            {
                "id": 0,
                "name": "string"
            }
        ],
        "status": "available"
    },
    {
        "id": 9223372036854251130,
        "category": {
            "id": 0,
            "name": "string"
        },
        "name": "fish",
        "photoUrls": [
            "string"
        ],
        "tags": [
            {
                "id": 0,
                "name": "string"
            }
        ],
        "status": "available"
    },
    {
        "id": 9223372036854251135,
        "category": {
            "id": 0,
            "name": "string"
        },
        "name": "doggie",
        "photoUrls": [
            "string"
        ],
        "tags": [
            {
                "id": 0,
                "name": "string"
            }
        ],
        "status": "available"
    },
    {
        "id": 9223372036854251144,
        "category": {
            "id": 0,
            "name": "Poisson"
        },
        "name": "Nemo",
        "photoUrls": [
            ""
        ],
        "tags": [
            
        ],
        "status": "available"
    },
    {
        "id": 9223372036854251147,
        "category": {
            "id": 0,
            "name": "Chat"
        },
        "name": "Miau",
        "photoUrls": [
            ""
        ],
        "tags": [
            
        ],
        "status": "available"
    },
    {
        "id": 9223372036854251148,
        "category": {
            "id": 0,
            "name": "Chien"
        },
        "name": "Woof",
        "photoUrls": [
            ""
        ],
        "tags": [
            
        ],
        "status": "available"
    },
    {
        "id": 9223372036854251149,
        "category": {
            "id": 0,
            "name": "Poisson"
        },
        "name": "Nemo",
        "photoUrls": [
            ""
        ],
        "tags": [
            
        ],
        "status": "available"
    },
    {
        "id": 9223372036854251150,
        "category": {
            "id": 0,
            "name": "string"
        },
        "name": "doggie",
        "photoUrls": [
            "string"
        ],
        "tags": [
            {
                "id": 0,
                "name": "string"
            }
        ],
        "status": "available"
    },
    {
        "id": 9223372036854251151,
        "category": {
            "id": 0,
            "name": "string"
        },
        "name": "doggie",
        "photoUrls": [
            "string"
        ],
        "tags": [
            {
                "id": 0,
                "name": "string"
            }
        ],
        "status": "available"
    },
    {
        "id": 9223372036854251152,
        "category": {
            "id": 0,
            "name": "string"
        },
        "name": "doggie",
        "photoUrls": [
            "string"
        ],
        "tags": [
            {
                "id": 0,
                "name": "string"
            }
        ],
        "status": "available"
    },
    {
        "id": 9223372036854251153,
        "category": {
            "id": 0,
            "name": "string"
        },
        "name": "doggie",
        "photoUrls": [
            "string"
        ],
        "tags": [
            {
                "id": 0,
                "name": "string"
            }
        ],
        "status": "available"
    },
    {
        "id": 9223372036854251154,
        "category": {
            "id": 0,
            "name": "string"
        },
        "name": "doggie",
        "photoUrls": [
            "string"
        ],
        "tags": [
            {
                "id": 0,
                "name": "string"
            }
        ],
        "status": "available"
    },
    {
        "id": 9223372036854251155,
        "category": {
            "id": 0,
            "name": "string"
        },
        "name": "doggie",
        "photoUrls": [
            "string"
        ],
        "tags": [
            {
                "id": 0,
                "name": "string"
            }
        ],
        "status": "available"
    },
    {
        "id": 9223372036854251156,
        "category": {
            "id": 0,
            "name": "string"
        },
        "name": "doggie",
        "photoUrls": [
            "string"
        ],
        "tags": [
            {
                "id": 0,
                "name": "string"
            }
        ],
        "status": "available"
    },
    {
        "id": 9223372036854251157,
        "category": {
            "id": 0,
            "name": "string"
        },
        "name": "doggie",
        "photoUrls": [
            "string"
        ],
        "tags": [
            {
                "id": 0,
                "name": "string"
            }
        ],
        "status": "available"
    },
    {
        "id": 9223372036854251158,
        "category": {
            "id": 0,
            "name": "string"
        },
        "name": "doggie",
        "photoUrls": [
            "string"
        ],
        "tags": [
            {
                "id": 0,
                "name": "string"
            }
        ],
        "status": "available"
    },
    {
        "id": 9223372036854251159,
        "category": {
            "id": 0,
            "name": "string"
        },
        "name": "doggie",
        "photoUrls": [
            "string"
        ],
        "tags": [
            {
                "id": 0,
                "name": "string"
            }
        ],
        "status": "available"
    },
    {
        "id": 9223372036854251160,
        "category": {
            "id": 0,
            "name": "string"
        },
        "name": "doggie",
        "photoUrls": [
            "string"
        ],
        "tags": [
            {
                "id": 0,
                "name": "string"
            }
        ],
        "status": "available"
    },
    {
        "id": 9223372036854251161,
        "category": {
            "id": 0,
            "name": "string"
        },
        "name": "doggie",
        "photoUrls": [
            "string"
        ],
        "tags": [
            {
                "id": 0,
                "name": "string"
            }
        ],
        "status": "available"
    },
    {
        "id": 9223372036854251162,
        "name": "dog",
        "photoUrls": [
            
        ],
        "tags": [
            {
                "id": 0,
                "name": "large"
            }
        ],
        "status": "available"
    },
    {
        "id": 9223372036854251163,
        "category": {
            "id": 0,
            "name": "string"
        },
        "name": "fish",
        "photoUrls": [
            "string"
        ],
        "tags": [
            {
                "id": 0,
                "name": "string"
            }
        ],
        "status": "available"
    },
    {
        "id": 9223372036854251164,
        "category": {
            "id": 0,
            "name": "string"
        },
        "name": "doggie",
        "photoUrls": [
            "string"
        ],
        "tags": [
            {
                "id": 0,
                "name": "string"
            }
        ],
        "status": "available"
    },
    {
        "id": 9223372036854251165,
        "category": {
            "id": 0,
            "name": "string"
        },
        "name": "doggie",
        "photoUrls": [
            "string"
        ],
        "tags": [
            {
                "id": 0,
                "name": "string"
            }
        ],
        "status": "available"
    },
    {
        "id": 9223372036854251166,
        "category": {
            "id": 0,
            "name": "string"
        },
        "name": "doggie",
        "photoUrls": [
            "string"
        ],
        "tags": [
            {
                "id": 0,
                "name": "string"
            }
        ],
        "status": "available"
    },
    {
        "id": 9223372036854251167,
        "category": {
            "id": 0,
            "name": "string"
        },
        "name": "doggie",
        "photoUrls": [
            "string"
        ],
        "tags": [
            {
                "id": 0,
                "name": "string"
            }
        ],
        "status": "available"
    },
    {
        "id": 9223372036854251168,
        "category": {
            "id": 0,
            "name": "string"
        },
        "name": "doggie",
        "photoUrls": [
            "string"
        ],
        "tags": [
            {
                "id": 0,
                "name": "string"
            }
        ],
        "status": "available"
    },
    {
        "id": 9223372036854251169,
        "category": {
            "id": 0,
            "name": "string"
        },
        "name": "doggie",
        "photoUrls": [
            "string"
        ],
        "tags": [
            {
                "id": 0,
                "name": "string"
            }
        ],
        "status": "available"
    },
    {
        "id": 9223372036854251170,
        "category": {
            "id": 0,
            "name": "string"
        },
        "name": "fish",
        "photoUrls": [
            "string"
        ],
        "tags": [
            {
                "id": 0,
                "name": "string"
            }
        ],
        "status": "available"
    },
    {
        "id": 9223372036854251173,
        "category": {
            "id": 0,
            "name": "string"
        },
        "name": "doggie",
        "photoUrls": [
            "string"
        ],
        "tags": [
            {
                "id": 0,
                "name": "string"
            }
        ],
        "status": "available"
    },
    {
        "id": 9223372036854251180,
        "category": {
            "id": 0,
            "name": "string"
        },
        "name": "fish",
        "photoUrls": [
            "string"
        ],
        "tags": [
            {
                "id": 0,
                "name": "string"
            }
        ],
        "status": "available"
    },
    {
        "id": 9223372036854251183,
        "name": "dog",
        "photoUrls": [
            
        ],
        "tags": [
            {
                "id": 0,
                "name": "large"
            }
        ],
        "status": "available"
    },
    {
        "id": 9223372036854251184,
        "category": {
            "id": 0,
            "name": "string"
        },
        "name": "fish",
        "photoUrls": [
            "string"
        ],
        "tags": [
            {
                "id": 0,
                "name": "string"
            }
        ],
        "status": "available"
    },
    {
        "id": 9223372036854251185,
        "category": {
            "id": 0,
            "name": "string"
        },
        "name": "fish",
        "photoUrls": [
            "string"
        ],
        "tags": [
            {
                "id": 0,
                "name": "string"
            }
        ],
        "status": "available"
    },
    {
        "id": 9222968140491042131,
        "category": {
            "id": 0,
            "name": "string"
        },
        "name": "doggie",
        "photoUrls": [
            "string"
        ],
        "tags": [
            {
                "id": 0,
                "name": "string"
            }
        ],
        "status": "available"
    },
    {
        "id": 9223372036854251200,
        "category": {
            "id": 0,
            "name": "string"
        },
        "name": "fish",
        "photoUrls": [
            "string"
        ],
        "tags": [
            {
                "id": 0,
                "name": "string"
            }
        ],
        "status": "available"
    },
    {
        "id": 9223372036854251201,
        "category": {
            "id": 0,
            "name": "string"
        },
        "name": "fish",
        "photoUrls": [
            "string"
        ],
        "tags": [
            {
                "id": 0,
                "name": "string"
            }
        ],
        "status": "available"
    },
    {
        "id": 10400089,
        "category": {
            "id": 45186131,
            "name": "gidbvvlc"
        },
        "name": "wienohpv",
        "photoUrls": [
            "https:\\\\petphoto"
        ],
        "tags": [
            {
                "id": 0,
                "name": "doggie"
            }
        ],
        "status": "available"
    },
    {
        "id": 84254723,
        "category": {
            "id": 23403597,
            "name": "vpccxccr"
        },
        "name": "hkbopmir",
        "photoUrls": [
            "https:\\\\petphoto"
        ],
        "tags": [
            {
                "id": 0,
                "name": "doggie"
            }
        ],
        "status": "available"
    },
    {
        "id": 27687190,
        "category": {
            "id": 0,
            "name": "animal"
        },
        "name": "nffsmzov",
        "photoUrls": [
            "https:\\\\petphoto"
        ],
        "tags": [
            {
                "id": 0,
                "name": "kitty"
            }
        ],
        "status": "available"
    },
    {
        "id": 9223372036854251205,
        "category": {
            "id": 0,
            "name": "string"
        },
        "name": "Guru",
        "photoUrls": [
            "string"
        ],
        "tags": [
            {
                "id": 0,
                "name": "string"
            }
        ],
        "status": "available"
    },
    {
        "id": 9223372036854251234,
        "category": {
            "id": 0,
            "name": "string"
        },
        "name": "doggie",
        "photoUrls": [
            "string"
        ],
        "tags": [
            {
                "id": 0,
                "name": "string"
            }
        ],
        "status": "available"
    },
    {
        "id": 9223372036854251235,
        "category": {
            "id": 0,
            "name": "string"
        },
        "name": "doggie",
        "photoUrls": [
            "string"
        ],
        "tags": [
            {
                "id": 0,
                "name": "string"
            }
        ],
        "status": "available"
    },
    {
        "id": 9223372036854251236,
        "category": {
            "id": 0,
            "name": "string"
        },
        "name": "doggie",
        "photoUrls": [
            "string"
        ],
        "tags": [
            {
                "id": 0,
                "name": "string"
            }
        ],
        "status": "available"
    },
    {
        "id": 9223372036854251237,
        "category": {
            "id": 0,
            "name": "string"
        },
        "name": "doggie",
        "photoUrls": [
            "string"
        ],
        "tags": [
            {
                "id": 0,
                "name": "string"
            }
        ],
        "status": "available"
    },
    {
        "id": 9223372036854251238,
        "category": {
            "id": 0,
            "name": "string"
        },
        "name": "doggie",
        "photoUrls": [
            "string"
        ],
        "tags": [
            {
                "id": 0,
                "name": "string"
            }
        ],
        "status": "available"
    },
    {
        "id": 9223372036854251239,
        "category": {
            "id": 0,
            "name": "string"
        },
        "name": "doggie",
        "photoUrls": [
            "string"
        ],
        "tags": [
            {
                "id": 0,
                "name": "string"
            }
        ],
        "status": "available"
    },
    {
        "id": 9223372036854251240,
        "category": {
            "id": 0,
            "name": "string"
        },
        "name": "doggie",
        "photoUrls": [
            "string"
        ],
        "tags": [
            {
                "id": 0,
                "name": "string"
            }
        ],
        "status": "available"
    },
    {
        "id": 9223372036854251241,
        "category": {
            "id": 0,
            "name": "string"
        },
        "name": "doggie",
        "photoUrls": [
            "string"
        ],
        "tags": [
            {
                "id": 0,
                "name": "string"
            }
        ],
        "status": "available"
    },
    {
        "id": 9223372036854251242,
        "category": {
            "id": 0,
            "name": "string"
        },
        "name": "doggie",
        "photoUrls": [
            "string"
        ],
        "tags": [
            {
                "id": 0,
                "name": "string"
            }
        ],
        "status": "available"
    },
    {
        "id": 9223372036854251243,
        "category": {
            "id": 0,
            "name": "string"
        },
        "name": "doggie",
        "photoUrls": [
            "string"
        ],
        "tags": [
            {
                "id": 0,
                "name": "string"
            }
        ],
        "status": "available"
    },
    {
        "id": 9223372036854251244,
        "category": {
            "id": 0,
            "name": "string"
        },
        "name": "doggie",
        "photoUrls": [
            "string"
        ],
        "tags": [
            {
                "id": 0,
                "name": "string"
            }
        ],
        "status": "available"
    },
    {
        "id": 9223372036854251245,
        "category": {
            "id": 0,
            "name": "string"
        },
        "name": "doggie",
        "photoUrls": [
            "string"
        ],
        "tags": [
            {
                "id": 0,
                "name": "string"
            }
        ],
        "status": "available"
    },
    {
        "id": 9223372036854251246,
        "category": {
            "id": 0,
            "name": "string"
        },
        "name": "doggie",
        "photoUrls": [
            "string"
        ],
        "tags": [
            {
                "id": 0,
                "name": "string"
            }
        ],
        "status": "available"
    },
    {
        "id": 9223372036854251247,
        "category": {
            "id": 0,
            "name": "string"
        },
        "name": "fish",
        "photoUrls": [
            "string"
        ],
        "tags": [
            {
                "id": 0,
                "name": "string"
            }
        ],
        "status": "available"
    },
    {
        "id": 9223372036854251248,
        "category": {
            "id": 0,
            "name": "string"
        },
        "name": "doggie",
        "photoUrls": [
            "string"
        ],
        "tags": [
            {
                "id": 0,
                "name": "string"
            }
        ],
        "status": "available"
    },
    {
        "id": 9223372036854251249,
        "category": {
            "id": 0,
            "name": "string"
        },
        "name": "doggie",
        "photoUrls": [
            "string"
        ],
        "tags": [
            {
                "id": 0,
                "name": "string"
            }
        ],
        "status": "available"
    },
    {
        "id": 9223372036854251250,
        "category": {
            "id": 0,
            "name": "string"
        },
        "name": "doggie",
        "photoUrls": [
            "string"
        ],
        "tags": [
            {
                "id": 0,
                "name": "string"
            }
        ],
        "status": "available"
    },
    {
        "id": 9223372036854251251,
        "category": {
            "id": 0,
            "name": "string"
        },
        "name": "doggie",
        "photoUrls": [
            "string"
        ],
        "tags": [
            {
                "id": 0,
                "name": "string"
            }
        ],
        "status": "available"
    },
    {
        "id": 9223372036854251252,
        "category": {
            "id": 0,
            "name": "string"
        },
        "name": "doggie",
        "photoUrls": [
            "string"
        ],
        "tags": [
            {
                "id": 0,
                "name": "string"
            }
        ],
        "status": "available"
    },
    {
        "id": 9223372036854251253,
        "category": {
            "id": 0,
            "name": "string"
        },
        "name": "doggie",
        "photoUrls": [
            "string"
        ],
        "tags": [
            {
                "id": 0,
                "name": "string"
            }
        ],
        "status": "available"
    },
    {
        "id": 9223372036854251254,
        "category": {
            "id": 0,
            "name": "string"
        },
        "name": "Guru",
        "photoUrls": [
            "string"
        ],
        "tags": [
            {
                "id": 0,
                "name": "string"
            }
        ],
        "status": "available"
    },
    {
        "id": 9223372036854251255,
        "category": {
            "id": 0,
            "name": "string"
        },
        "name": "fish",
        "photoUrls": [
            "string"
        ],
        "tags": [
            {
                "id": 0,
                "name": "string"
            }
        ],
        "status": "available"
    },
    {
        "id": 9222968140497180179,
        "category": {
            "id": 0,
            "name": "string"
        },
        "name": "test",
        "photoUrls": [
            "string"
        ],
        "tags": [
            {
                "id": 0,
                "name": "string"
            }
        ],
        "status": "available"
    },
    {
        "id": 9223372036854251259,
        "category": {
            "id": 0,
            "name": "string"
        },
        "name": "Guru",
        "photoUrls": [
            "string"
        ],
        "tags": [
            {
                "id": 0,
                "name": "string"
            }
        ],
        "status": "available"
    },
    {
        "id": 9223372036854251264,
        "category": {
            "id": 0,
            "name": "string"
        },
        "name": "fish",
        "photoUrls": [
            "string"
        ],
        "tags": [
            {
                "id": 0,
                "name": "string"
            }
        ],
        "status": "available"
    },
    {
        "id": 9223372036854251265,
        "category": {
            "id": 0,
            "name": "string"
        },
        "name": "fish",
        "photoUrls": [
            "string"
        ],
        "tags": [
            {
                "id": 0,
                "name": "string"
            }
        ],
        "status": "available"
    },
    {
        "id": 9223372036854251271,
        "category": {
            "id": 0,
            "name": "string"
        },
        "name": "test",
        "photoUrls": [
            "string"
        ],
        "tags": [
            {
                "id": 0,
                "name": "string"
            }
        ],
        "status": "available"
    },
    {
        "id": 9223372036854251272,
        "category": {
            "id": 0,
            "name": "string"
        },
        "name": "test",
        "photoUrls": [
            "string"
        ],
        "tags": [
            {
                "id": 0,
                "name": "string"
            }
        ],
        "status": "available"
    },
    {
        "id": 9223372036854251273,
        "category": {
            "id": 0,
            "name": "string"
        },
        "name": "test",
        "photoUrls": [
            "string"
        ],
        "tags": [
            {
                "id": 0,
                "name": "string"
            }
        ],
        "status": "available"
    },
    {
        "id": 9223372036854251274,
        "category": {
            "id": 0,
            "name": "string"
        },
        "name": "test",
        "photoUrls": [
            "string"
        ],
        "tags": [
            {
                "id": 0,
                "name": "string"
            }
        ],
        "status": "available"
    },
    {
        "id": 9223372036854251275,
        "category": {
            "id": 0,
            "name": "string"
        },
        "name": "doggie",
        "photoUrls": [
            "string"
        ],
        "tags": [
            {
                "id": 0,
                "name": "string"
            }
        ],
        "status": "available"
    },
    {
        "id": 9223372036854251276,
        "category": {
            "id": 0,
            "name": "string"
        },
        "name": "doggie",
        "photoUrls": [
            "string"
        ],
        "tags": [
            {
                "id": 0,
                "name": "string"
            }
        ],
        "status": "available"
    },
    {
        "id": 9223372036854251277,
        "category": {
            "id": 0,
            "name": "string"
        },
        "name": "doggie",
        "photoUrls": [
            "string"
        ],
        "tags": [
            {
                "id": 0,
                "name": "string"
            }
        ],
        "status": "available"
    },
    {
        "id": 9223372036854251278,
        "category": {
            "id": 0,
            "name": "string"
        },
        "name": "doggie",
        "photoUrls": [
            "string"
        ],
        "tags": [
            {
                "id": 0,
                "name": "string"
            }
        ],
        "status": "available"
    },
    {
        "id": 9223372036854251279,
        "category": {
            "id": 0,
            "name": "string"
        },
        "name": "doggie",
        "photoUrls": [
            "string"
        ],
        "tags": [
            {
                "id": 0,
                "name": "string"
            }
        ],
        "status": "available"
    },
    {
        "id": 9223372036854251280,
        "category": {
            "id": 0,
            "name": "string"
        },
        "name": "doggie",
        "photoUrls": [
            "string"
        ],
        "tags": [
            {
                "id": 0,
                "name": "string"
            }
        ],
        "status": "available"
    },
    {
        "id": 9223372036854251281,
        "category": {
            "id": 0,
            "name": "string"
        },
        "name": "doggie",
        "photoUrls": [
            "string"
        ],
        "tags": [
            {
                "id": 0,
                "name": "string"
            }
        ],
        "status": "available"
    },
    {
        "id": 9223372036854251282,
        "category": {
            "id": 0,
            "name": "string"
        },
        "name": "doggie",
        "photoUrls": [
            "string"
        ],
        "tags": [
            {
                "id": 0,
                "name": "string"
            }
        ],
        "status": "available"
    },
    {
        "id": 9223372036854251283,
        "category": {
            "id": 0,
            "name": "string"
        },
        "name": "doggie",
        "photoUrls": [
            "string"
        ],
        "tags": [
            {
                "id": 0,
                "name": "string"
            }
        ],
        "status": "available"
    },
    {
        "id": 9223372036854251284,
        "category": {
            "id": 0,
            "name": "string"
        },
        "name": "doggie",
        "photoUrls": [
            "string"
        ],
        "tags": [
            {
                "id": 0,
                "name": "string"
            }
        ],
        "status": "available"
    },
    {
        "id": 9223372036854251285,
        "category": {
            "id": 0,
            "name": "string"
        },
        "name": "doggie",
        "photoUrls": [
            "string"
        ],
        "tags": [
            {
                "id": 0,
                "name": "string"
            }
        ],
        "status": "available"
    },
    {
        "id": 9223372036854251286,
        "category": {
            "id": 0,
            "name": "string"
        },
        "name": "doggie",
        "photoUrls": [
            "string"
        ],
        "tags": [
            {
                "id": 0,
                "name": "string"
            }
        ],
        "status": "available"
    },
    {
        "id": 9223372036854251287,
        "category": {
            "id": 0,
            "name": "string"
        },
        "name": "fish",
        "photoUrls": [
            "string"
        ],
        "tags": [
            {
                "id": 0,
                "name": "string"
            }
        ],
        "status": "available"
    },
    {
        "id": 9223372036854251288,
        "category": {
            "id": 0,
            "name": "string"
        },
        "name": "fish",
        "photoUrls": [
            "string"
        ],
        "tags": [
            {
                "id": 0,
                "name": "string"
            }
        ],
        "status": "available"
    },
    {
        "id": 9223372036854251289,
        "category": {
            "id": 0,
            "name": "string"
        },
        "name": "doggie",
        "photoUrls": [
            "string"
        ],
        "tags": [
            {
                "id": 0,
                "name": "string"
            }
        ],
        "status": "available"
    },
    {
        "id": 9223372036854251290,
        "category": {
            "id": 0,
            "name": "string"
        },
        "name": "doggie",
        "photoUrls": [
            "string"
        ],
        "tags": [
            {
                "id": 0,
                "name": "string"
            }
        ],
        "status": "available"
    },
    {
        "id": 9223372036854251291,
        "category": {
            "id": 0,
            "name": "string"
        },
        "name": "doggie",
        "photoUrls": [
            "string"
        ],
        "tags": [
            {
                "id": 0,
                "name": "string"
            }
        ],
        "status": "available"
    },
    {
        "id": 9223372036854251292,
        "category": {
            "id": 0,
            "name": "string"
        },
        "name": "doggie",
        "photoUrls": [
            "string"
        ],
        "tags": [
            {
                "id": 0,
                "name": "string"
            }
        ],
        "status": "available"
    },
    {
        "id": 9223372036854251293,
        "category": {
            "id": 0,
            "name": "string"
        },
        "name": "doggie",
        "photoUrls": [
            "string"
        ],
        "tags": [
            {
                "id": 0,
                "name": "string"
            }
        ],
        "status": "available"
    },
    {
        "id": 9223372036854251294,
        "category": {
            "id": 0,
            "name": "string"
        },
        "name": "doggie",
        "photoUrls": [
            "string"
        ],
        "tags": [
            {
                "id": 0,
                "name": "string"
            }
        ],
        "status": "available"
    },
    {
        "id": 9223372036854251295,
        "category": {
            "id": 0,
            "name": "string"
        },
        "name": "fish",
        "photoUrls": [
            "string"
        ],
        "tags": [
            {
                "id": 0,
                "name": "string"
            }
        ],
        "status": "available"
    },
    {
        "id": 9223372036854251296,
        "category": {
            "id": 0,
            "name": "string"
        },
        "name": "doggie",
        "photoUrls": [
            "string"
        ],
        "tags": [
            {
                "id": 0,
                "name": "string"
            }
        ],
        "status": "available"
    },
    {
        "id": 9223372036854251300,
        "category": {
            "id": 0,
            "name": "string"
        },
        "name": "doggie",
        "photoUrls": [
            "string"
        ],
        "tags": [
            {
                "id": 0,
                "name": "string"
            }
        ],
        "status": "available"
    },
    {
        "id": 9223372036854251303,
        "category": {
            "id": 0,
            "name": "string"
        },
        "name": "fish",
        "photoUrls": [
            "string"
        ],
        "tags": [
            {
                "id": 0,
                "name": "string"
            }
        ],
        "status": "available"
    },
    {
        "id": 9223372036854251305,
        "category": {
            "id": 0,
            "name": "string"
        },
        "name": "doggie",
        "photoUrls": [
            "string"
        ],
        "tags": [
            {
                "id": 0,
                "name": "string"
            }
        ],
        "status": "available"
    },
    {
        "id": 9223372036854251306,
        "category": {
            "id": 0,
            "name": "string"
        },
        "name": "fish",
        "photoUrls": [
            "string"
        ],
        "tags": [
            {
                "id": 0,
                "name": "string"
            }
        ],
        "status": "available"
    },
    {
        "id": 9223372036854251307,
        "category": {
            "id": 0,
            "name": "string"
        },
        "name": "fish",
        "photoUrls": [
            "string"
        ],
        "tags": [
            {
                "id": 0,
                "name": "string"
            }
        ],
        "status": "available"
    },
    {
        "id": 9223372036854251309,
        "category": {
            "id": 0,
            "name": "string"
        },
        "name": "fish",
        "photoUrls": [
            "string"
        ],
        "tags": [
            {
                "id": 0,
                "name": "string"
            }
        ],
        "status": "available"
    },
    {
        "id": 9223372036854251315,
        "category": {
            "id": 0,
            "name": "string"
        },
        "name": "fish",
        "photoUrls": [
            "string"
        ],
        "tags": [
            {
                "id": 0,
                "name": "string"
            }
        ],
        "status": "available"
    },
    {
        "id": 11,
        "category": {
            "id": 0,
            "name": "string"
        },
        "name": "Bobik",
        "photoUrls": [
            "string"
        ],
        "tags": [
            {
                "id": 0,
                "name": "string"
            }
        ],
        "status": "available"
    },
    {
        "id": 9223372036854251318,
        "category": {
            "id": 0,
            "name": "string"
        },
        "name": "doggie",
        "photoUrls": [
            "string"
        ],
        "tags": [
            {
                "id": 0,
                "name": "string"
            }
        ],
        "status": "available"
    },
    {
        "id": 9223372036854251319,
        "category": {
            "id": 0,
            "name": "string"
        },
        "name": "doggie",
        "photoUrls": [
            "string"
        ],
        "tags": [
            {
                "id": 0,
                "name": "string"
            }
        ],
        "status": "available"
    },
    {
        "id": 9223372036854251320,
        "category": {
            "id": 0,
            "name": "string"
        },
        "name": "doggie",
        "photoUrls": [
            "string"
        ],
        "tags": [
            {
                "id": 0,
                "name": "string"
            }
        ],
        "status": "available"
    },
    {
        "id": 9223372036854251321,
        "category": {
            "id": 0,
            "name": "string"
        },
        "name": "doggie",
        "photoUrls": [
            "string"
        ],
        "tags": [
            {
                "id": 0,
                "name": "string"
            }
        ],
        "status": "available"
    },
    {
        "id": 9223372036854251322,
        "category": {
            "id": 0,
            "name": "string"
        },
        "name": "doggie",
        "photoUrls": [
            "string"
        ],
        "tags": [
            {
                "id": 0,
                "name": "string"
            }
        ],
        "status": "available"
    },
    {
        "id": 9223372036854251323,
        "category": {
            "id": 0,
            "name": "string"
        },
        "name": "doggie",
        "photoUrls": [
            "string"
        ],
        "tags": [
            {
                "id": 0,
                "name": "string"
            }
        ],
        "status": "available"
    },
    {
        "id": 9223372036854251328,
        "category": {
            "id": 0,
            "name": "string"
        },
        "name": "doggie",
        "photoUrls": [
            "string"
        ],
        "tags": [
            {
                "id": 0,
                "name": "string"
            }
        ],
        "status": "available"
    },
    {
        "id": 9223372036854251329,
        "category": {
            "id": 0,
            "name": "string"
        },
        "name": "doggie",
        "photoUrls": [
            "string"
        ],
        "tags": [
            {
                "id": 0,
                "name": "string"
            }
        ],
        "status": "available"
    },
    {
        "id": 9223372036854251330,
        "category": {
            "id": 0,
            "name": "string"
        },
        "name": "doggie",
        "photoUrls": [
            "string"
        ],
        "tags": [
            {
                "id": 0,
                "name": "string"
            }
        ],
        "status": "available"
    },
    {
        "id": 9223372036854251337,
        "category": {
            "id": 0,
            "name": "string"
        },
        "name": "doggie",
        "photoUrls": [
            "string"
        ],
        "tags": [
            {
                "id": 0,
                "name": "string"
            }
        ],
        "status": "available"
    },
    {
        "id": 9223372036854251338,
        "category": {
            "id": 0,
            "name": "string"
        },
        "name": "doggie",
        "photoUrls": [
            "string"
        ],
        "tags": [
            {
                "id": 0,
                "name": "string"
            }
        ],
        "status": "available"
    },
    {
        "id": 9223372036854251339,
        "category": {
            "id": 0,
            "name": "string"
        },
        "name": "doggie",
        "photoUrls": [
            "string"
        ],
        "tags": [
            {
                "id": 0,
                "name": "string"
            }
        ],
        "status": "available"
    },
    {
        "id": 9223372036854251340,
        "category": {
            "id": 0,
            "name": "string"
        },
        "name": "fish",
        "photoUrls": [
            "string"
        ],
        "tags": [
            {
                "id": 0,
                "name": "string"
            }
        ],
        "status": "available"
    },
    {
        "id": 9223372036854251341,
        "category": {
            "id": 0,
            "name": "string"
        },
        "name": "doggie",
        "photoUrls": [
            "string"
        ],
        "tags": [
            {
                "id": 0,
                "name": "string"
            }
        ],
        "status": "available"
    },
    {
        "id": 9223372036854251342,
        "category": {
            "id": 0,
            "name": "string"
        },
        "name": "doggie",
        "photoUrls": [
            "string"
        ],
        "tags": [
            {
                "id": 0,
                "name": "string"
            }
        ],
        "status": "available"
    },
    {
        "id": 9223372036854251343,
        "category": {
            "id": 0,
            "name": "string"
        },
        "name": "doggie",
        "photoUrls": [
            "string"
        ],
        "tags": [
            {
                "id": 0,
                "name": "string"
            }
        ],
        "status": "available"
    },
    {
        "id": 9223372036854251344,
        "category": {
            "id": 0,
            "name": "string"
        },
        "name": "doggie",
        "photoUrls": [
            "string"
        ],
        "tags": [
            {
                "id": 0,
                "name": "string"
            }
        ],
        "status": "available"
    },
    {
        "id": 9223372036854251345,
        "category": {
            "id": 0,
            "name": "string"
        },
        "name": "doggie",
        "photoUrls": [
            "string"
        ],
        "tags": [
            {
                "id": 0,
                "name": "string"
            }
        ],
        "status": "available"
    },
    {
        "id": 9223372036854251346,
        "category": {
            "id": 0,
            "name": "string"
        },
        "name": "doggie",
        "photoUrls": [
            "string"
        ],
        "tags": [
            {
                "id": 0,
                "name": "string"
            }
        ],
        "status": "available"
    },
    {
        "id": 9223372036854251347,
        "category": {
            "id": 0,
            "name": "string"
        },
        "name": "fish",
        "photoUrls": [
            "string"
        ],
        "tags": [
            {
                "id": 0,
                "name": "string"
            }
        ],
        "status": "available"
    },
    {
        "id": 9223372036854251356,
        "category": {
            "id": 0,
            "name": "string"
        },
        "name": "fish",
        "photoUrls": [
            "string"
        ],
        "tags": [
            {
                "id": 0,
                "name": "string"
            }
        ],
        "status": "available"
    },
    {
        "id": 9223372036854251359,
        "category": {
            "id": 0,
            "name": "string"
        },
        "name": "fish",
        "photoUrls": [
            "string"
        ],
        "tags": [
            {
                "id": 0,
                "name": "string"
            }
        ],
        "status": "available"
    },
    {
        "id": 3,
        "category": {
            "id": 22,
            "name": "dog"
        },
        "name": "doggie",
        "photoUrls": [
            "http://image/dog.jpg"
        ],
        "tags": [
            {
                "id": 23,
                "name": "white"
            }
        ],
        "status": "available"
    },
    {
        "id": 4,
        "category": {
            "id": 4,
            "name": "Ben"
        },
        "name": "Ben",
        "photoUrls": [
            
        ],
        "tags": [
            {
                "id": 5,
                "name": "Sam"
            }
        ],
        "status": "available"
    },
    {
        "id": 73943384,
        "category": {
            "id": 47311846,
            "name": "occaecat non fugiat"
        },
        "name": "doggie",
        "photoUrls": [
            "ullamco eu",
            "culpa magna"
        ],
        "tags": [
            {
                "id": 3871218,
                "name": "in eu non Duis"
            },
            {
                "id": 28531247,
                "name": "exercitation tempor commodo"
            }
        ],
        "status": "available"
    },
    {
        "id": 63578770,
        "category": {
            "id": 27474499,
            "name": "qui voluptate"
        },
        "name": "doggie",
        "photoUrls": [
            "",
            "Ut aliquip dolore"
        ],
        "tags": [
            {
                "id": -84252108,
                "name": "sint consequat "
            },
            {
                "id": 95446693,
                "name": "aute laborum ad"
            }
        ],
        "status": "available"
    },
    {
        "id": 9223372036854251361,
        "category": {
            "id": 0,
            "name": "string"
        },
        "name": "fish",
        "photoUrls": [
            "string"
        ],
        "tags": [
            {
                "id": 0,
                "name": "string"
            }
        ],
        "status": "available"
    },
    {
        "id": 9223372036854251362,
        "category": {
            "id": 0,
            "name": "string"
        },
        "name": "fish",
        "photoUrls": [
            "string"
        ],
        "tags": [
            {
                "id": 0,
                "name": "string"
            }
        ],
        "status": "available"
    },
    {
        "id": 42181115,
        "category": {
            "id": 8557341,
            "name": "ut nisi"
        },
        "name": "doggie",
        "photoUrls": [
            "fugiat cillum",
            "cillum"
        ],
        "tags": [
            {
                "id": 67927893,
                "name": "et Excepteur ad"
            },
            {
                "id": -13431872,
                "name": "sint ut"
            }
        ],
        "status": "available"
    },
    {
        "id": 20083319,
        "category": {
            "id": 62517053,
            "name": "non anim quis"
        },
        "name": "doggie",
        "photoUrls": [
            "enim Ut",
            "ad "
        ],
        "tags": [
            {
                "id": -59403361,
                "name": "nulla ad"
            },
            {
                "id": -56161569,
                "name": "ullamco ex"
            }
        ],
        "status": "available"
    },
    {
        "id": 9223372036854251366,
        "category": {
            "id": 0,
            "name": "string"
        },
        "name": "fish",
        "photoUrls": [
            "string"
        ],
        "tags": [
            {
                "id": 0,
                "name": "string"
            }
        ],
        "status": "available"
    },
    {
        "id": 9223372036854251376,
        "category": {
            "id": 0,
            "name": "string"
        },
        "name": "doggie",
        "photoUrls": [
            "string"
        ],
        "tags": [
            {
                "id": 0,
                "name": "string"
            }
        ],
        "status": "available"
    },
    {
        "id": 9223372036854251377,
        "category": {
            "id": 0,
            "name": "string"
        },
        "name": "doggie",
        "photoUrls": [
            "string"
        ],
        "tags": [
            {
                "id": 0,
                "name": "string"
            }
        ],
        "status": "available"
    },
    {
        "id": 9223372036854251378,
        "category": {
            "id": 0,
            "name": "string"
        },
        "name": "doggie",
        "photoUrls": [
            "string"
        ],
        "tags": [
            {
                "id": 0,
                "name": "string"
            }
        ],
        "status": "available"
    },
    {
        "id": 9223372036854251379,
        "category": {
            "id": 0,
            "name": "string"
        },
        "name": "doggie",
        "photoUrls": [
            "string"
        ],
        "tags": [
            {
                "id": 0,
                "name": "string"
            }
        ],
        "status": "available"
    },
    {
        "id": 9223372036854251380,
        "category": {
            "id": 0,
            "name": "string"
        },
        "name": "doggie",
        "photoUrls": [
            "string"
        ],
        "tags": [
            {
                "id": 0,
                "name": "string"
            }
        ],
        "status": "available"
    },
    {
        "id": 9223372036854251381,
        "category": {
            "id": 0,
            "name": "string"
        },
        "name": "doggie",
        "photoUrls": [
            "string"
        ],
        "tags": [
            {
                "id": 0,
                "name": "string"
            }
        ],
        "status": "available"
    },
    {
        "id": 9223372036854251382,
        "category": {
            "id": 0,
            "name": "string"
        },
        "name": "doggie",
        "photoUrls": [
            "string"
        ],
        "tags": [
            {
                "id": 0,
                "name": "string"
            }
        ],
        "status": "available"
    },
    {
        "id": 9223372036854251383,
        "category": {
            "id": 0,
            "name": "string"
        },
        "name": "doggie",
        "photoUrls": [
            "string"
        ],
        "tags": [
            {
                "id": 0,
                "name": "string"
            }
        ],
        "status": "available"
    },
    {
        "id": 9223372036854251384,
        "category": {
            "id": 0,
            "name": "string"
        },
        "name": "doggie",
        "photoUrls": [
            "string"
        ],
        "tags": [
            {
                "id": 0,
                "name": "string"
            }
        ],
        "status": "available"
    },
    {
        "id": 9223372036854251385,
        "category": {
            "id": 0,
            "name": "string"
        },
        "name": "doggie",
        "photoUrls": [
            "string"
        ],
        "tags": [
            {
                "id": 0,
                "name": "string"
            }
        ],
        "status": "available"
    },
    {
        "id": 9223372036854251386,
        "category": {
            "id": 0,
            "name": "string"
        },
        "name": "doggie",
        "photoUrls": [
            "string"
        ],
        "tags": [
            {
                "id": 0,
                "name": "string"
            }
        ],
        "status": "available"
    },
    {
        "id": 9223372036854251387,
        "category": {
            "id": 0,
            "name": "string"
        },
        "name": "doggie",
        "photoUrls": [
            "string"
        ],
        "tags": [
            {
                "id": 0,
                "name": "string"
            }
        ],
        "status": "available"
    },
    {
        "id": 9223372036854251388,
        "category": {
            "id": 0,
            "name": "string"
        },
        "name": "doggie",
        "photoUrls": [
            "string"
        ],
        "tags": [
            {
                "id": 0,
                "name": "string"
            }
        ],
        "status": "available"
    },
    {
        "id": 9223372036854251389,
        "category": {
            "id": 0,
            "name": "string"
        },
        "name": "doggie",
        "photoUrls": [
            "string"
        ],
        "tags": [
            {
                "id": 0,
                "name": "string"
            }
        ],
        "status": "available"
    },
    {
        "id": 9223372036854251390,
        "category": {
            "id": 0,
            "name": "string"
        },
        "name": "doggie",
        "photoUrls": [
            "string"
        ],
        "tags": [
            {
                "id": 0,
                "name": "string"
            }
        ],
        "status": "available"
    },
    {
        "id": 9223372036854251391,
        "category": {
            "id": 0,
            "name": "string"
        },
        "name": "doggie",
        "photoUrls": [
            "string"
        ],
        "tags": [
            {
                "id": 0,
                "name": "string"
            }
        ],
        "status": "available"
    },
    {
        "id": 9223372036854251392,
        "category": {
            "id": 0,
            "name": "string"
        },
        "name": "doggie",
        "photoUrls": [
            "string"
        ],
        "tags": [
            {
                "id": 0,
                "name": "string"
            }
        ],
        "status": "available"
    },
    {
        "id": 9223372036854251393,
        "category": {
            "id": 0,
            "name": "string"
        },
        "name": "doggie",
        "photoUrls": [
            "string"
        ],
        "tags": [
            {
                "id": 0,
                "name": "string"
            }
        ],
        "status": "available"
    },
    {
        "id": 9223372036854251394,
        "category": {
            "id": 0,
            "name": "string"
        },
        "name": "doggie",
        "photoUrls": [
            "string"
        ],
        "tags": [
            {
                "id": 0,
                "name": "string"
            }
        ],
        "status": "available"
    },
    {
        "id": 9223372036854251395,
        "category": {
            "id": 0,
            "name": "string"
        },
        "name": "fish",
        "photoUrls": [
            "string"
        ],
        "tags": [
            {
                "id": 0,
                "name": "string"
            }
        ],
        "status": "available"
    },
    {
        "id": 9223372036854251396,
        "category": {
            "id": 0,
            "name": "string"
        },
        "name": "fish",
        "photoUrls": [
            "string"
        ],
        "tags": [
            {
                "id": 0,
                "name": "string"
            }
        ],
        "status": "available"
    },
    {
        "id": 21573524,
        "category": {
            "id": 0,
            "name": "cat"
        },
        "name": "jiji",
        "photoUrls": [
            "url"
        ],
        "tags": [
            {
                "id": 559,
                "name": "zgazb"
            }
        ],
        "status": "available"
    },
    {
        "id": 9223372036854251403,
        "category": {
            "id": 0,
            "name": "string"
        },
        "name": "doggie",
        "photoUrls": [
            "string"
        ],
        "tags": [
            {
                "id": 0,
                "name": "string"
            }
        ],
        "status": "available"
    },
    {
        "id": 9223372036854251404,
        "category": {
            "id": 0,
            "name": "string"
        },
        "name": "fish",
        "photoUrls": [
            "string"
        ],
        "tags": [
            {
                "id": 0,
                "name": "string"
            }
        ],
        "status": "available"
    },
    {
        "id": 9223372036854251405,
        "category": {
            "id": 0,
            "name": "string"
        },
        "name": "fish",
        "photoUrls": [
            "string"
        ],
        "tags": [
            {
                "id": 0,
                "name": "string"
            }
        ],
        "status": "available"
    },
    {
        "id": 9223372036854251409,
        "category": {
            "id": 0,
            "name": "string"
        },
        "name": "fish",
        "photoUrls": [
            "string"
        ],
        "tags": [
            {
                "id": 0,
                "name": "string"
            }
        ],
        "status": "available"
    },
    {
        "id": 9223372036854251410,
        "category": {
            "id": 0,
            "name": "string"
        },
        "name": "fish",
        "photoUrls": [
            "string"
        ],
        "tags": [
            {
                "id": 0,
                "name": "string"
            }
        ],
        "status": "available"
    },
    {
        "id": 9223372036854251411,
        "category": {
            "id": 0,
            "name": "string"
        },
        "name": "fish",
        "photoUrls": [
            "string"
        ],
        "tags": [
            {
                "id": 0,
                "name": "string"
            }
        ],
        "status": "available"
    },
    {
        "id": 9223372036854251419,
        "category": {
            "id": 0,
            "name": "string"
        },
        "name": "doggie",
        "photoUrls": [
            "string"
        ],
        "tags": [
            {
                "id": 0,
                "name": "string"
            }
        ],
        "status": "available"
    },
    {
        "id": 9223372036854251420,
        "category": {
            "id": 0,
            "name": "string"
        },
        "name": "doggie",
        "photoUrls": [
            "string"
        ],
        "tags": [
            {
                "id": 0,
                "name": "string"
            }
        ],
        "status": "available"
    },
    {
        "id": 9223372036854251421,
        "category": {
            "id": 0,
            "name": "string"
        },
        "name": "doggie",
        "photoUrls": [
            "string"
        ],
        "tags": [
            {
                "id": 0,
                "name": "string"
            }
        ],
        "status": "available"
    },
    {
        "id": 9223372036854251422,
        "category": {
            "id": 0,
            "name": "string"
        },
        "name": "doggie",
        "photoUrls": [
            "string"
        ],
        "tags": [
            {
                "id": 0,
                "name": "string"
            }
        ],
        "status": "available"
    },
    {
        "id": 9223372036854251423,
        "category": {
            "id": 0,
            "name": "string"
        },
        "name": "doggie",
        "photoUrls": [
            "string"
        ],
        "tags": [
            {
                "id": 0,
                "name": "string"
            }
        ],
        "status": "available"
    },
    {
        "id": 9223372036854251424,
        "category": {
            "id": 0,
            "name": "string"
        },
        "name": "doggie",
        "photoUrls": [
            "string"
        ],
        "tags": [
            {
                "id": 0,
                "name": "string"
            }
        ],
        "status": "available"
    },
    {
        "id": 9223372036854251425,
        "category": {
            "id": 0,
            "name": "string"
        },
        "name": "doggie",
        "photoUrls": [
            "string"
        ],
        "tags": [
            {
                "id": 0,
                "name": "string"
            }
        ],
        "status": "available"
    },
    {
        "id": 9223372036854251426,
        "category": {
            "id": 0,
            "name": "string"
        },
        "name": "doggie",
        "photoUrls": [
            "string"
        ],
        "tags": [
            {
                "id": 0,
                "name": "string"
            }
        ],
        "status": "available"
    },
    {
        "id": 9223372036854251427,
        "category": {
            "id": 0,
            "name": "string"
        },
        "name": "doggie",
        "photoUrls": [
            "string"
        ],
        "tags": [
            {
                "id": 0,
                "name": "string"
            }
        ],
        "status": "available"
    },
    {
        "id": 9223372036854251428,
        "category": {
            "id": 0,
            "name": "string"
        },
        "name": "doggie",
        "photoUrls": [
            "string"
        ],
        "tags": [
            {
                "id": 0,
                "name": "string"
            }
        ],
        "status": "available"
    },
    {
        "id": 9223372036854251429,
        "category": {
            "id": 0,
            "name": "string"
        },
        "name": "doggie",
        "photoUrls": [
            "string"
        ],
        "tags": [
            {
                "id": 0,
                "name": "string"
            }
        ],
        "status": "available"
    },
    {
        "id": 9223372036854251430,
        "category": {
            "id": 0,
            "name": "string"
        },
        "name": "doggie",
        "photoUrls": [
            "string"
        ],
        "tags": [
            {
                "id": 0,
                "name": "string"
            }
        ],
        "status": "available"
    },
    {
        "id": 9223372036854251431,
        "category": {
            "id": 0,
            "name": "string"
        },
        "name": "fish",
        "photoUrls": [
            "string"
        ],
        "tags": [
            {
                "id": 0,
                "name": "string"
            }
        ],
        "status": "available"
    },
    {
        "id": 9223372036854251432,
        "category": {
            "id": 0,
            "name": "string"
        },
        "name": "doggie",
        "photoUrls": [
            "string"
        ],
        "tags": [
            {
                "id": 0,
                "name": "string"
            }
        ],
        "status": "available"
    },
    {
        "id": 9223372036854251433,
        "category": {
            "id": 0,
            "name": "string"
        },
        "name": "doggie",
        "photoUrls": [
            "string"
        ],
        "tags": [
            {
                "id": 0,
                "name": "string"
            }
        ],
        "status": "available"
    },
    {
        "id": 9223372036854251434,
        "category": {
            "id": 0,
            "name": "string"
        },
        "name": "doggie",
        "photoUrls": [
            "string"
        ],
        "tags": [
            {
                "id": 0,
                "name": "string"
            }
        ],
        "status": "available"
    },
    {
        "id": 9223372036854251435,
        "category": {
            "id": 0,
            "name": "string"
        },
        "name": "doggie",
        "photoUrls": [
            "string"
        ],
        "tags": [
            {
                "id": 0,
                "name": "string"
            }
        ],
        "status": "available"
    },
    {
        "id": 9223372036854251436,
        "category": {
            "id": 0,
            "name": "string"
        },
        "name": "doggie",
        "photoUrls": [
            "string"
        ],
        "tags": [
            {
                "id": 0,
                "name": "string"
            }
        ],
        "status": "available"
    },
    {
        "id": 9223372036854251437,
        "category": {
            "id": 0,
            "name": "string"
        },
        "name": "doggie",
        "photoUrls": [
            "string"
        ],
        "tags": [
            {
                "id": 0,
                "name": "string"
            }
        ],
        "status": "available"
    },
    {
        "id": 9223372036854251438,
        "category": {
            "id": 0,
            "name": "string"
        },
        "name": "fish",
        "photoUrls": [
            "string"
        ],
        "tags": [
            {
                "id": 0,
                "name": "string"
            }
        ],
        "status": "available"
    },
    {
        "id": 333,
        "name": "DogeWoW",
        "photoUrls": [
            
        ],
        "tags": [
            
        ],
        "status": "available"
    },
    {
        "id": 9223372036854251439,
        "category": {
            "id": 0,
            "name": "banana"
        },
        "name": "cat",
        "photoUrls": [
            "string"
        ],
        "tags": [
            {
                "id": 0,
                "name": "string"
            }
        ],
        "status": "available"
    },
    {
        "id": 9223372036854251440,
        "category": {
            "id": -3102815,
            "name": "eiusmod"
        },
        "name": "doggie",
        "photoUrls": [
            "fugiat deserunt ipsum exercitation",
            "labore ad irure dolore proident"
        ],
        "tags": [
            {
                "id": 81132669,
                "name": "amet"
            },
            {
                "id": 16134774,
                "name": "in deserunt culpa"
            }
        ],
        "status": "available"
    },
    {
        "id": 9223372036854251441,
        "category": {
            "id": 0,
            "name": "banana"
        },
        "name": "cat",
        "photoUrls": [
            "string"
        ],
        "tags": [
            {
                "id": 0,
                "name": "string"
            }
        ],
        "status": "available"
    },
    {
        "id": 9223372036854251445,
        "category": {
            "id": 0,
            "name": "string"
        },
        "name": "fish",
        "photoUrls": [
            "string"
        ],
        "tags": [
            {
                "id": 0,
                "name": "string"
            }
        ],
        "status": "available"
    },
    {
        "id": 9223372036854251447,
        "category": {
            "id": 0,
            "name": "string"
        },
        "name": "fish",
        "photoUrls": [
            "string"
        ],
        "tags": [
            {
                "id": 0,
                "name": "string"
            }
        ],
        "status": "available"
    },
    {
        "id": 9223372036854251451,
        "category": {
            "id": 0,
            "name": "string"
        },
        "name": "fish",
        "photoUrls": [
            "string"
        ],
        "tags": [
            {
                "id": 0,
                "name": "string"
            }
        ],
        "status": "available"
    },
    {
        "id": 9223372036854251452,
        "category": {
            "id": 0,
            "name": "string"
        },
        "name": "doggie",
        "photoUrls": [
            "string"
        ],
        "tags": [
            {
                "id": 0,
                "name": "string"
            }
        ],
        "status": "available"
    },
    {
        "id": 9223372036854251453,
        "category": {
            "id": 0,
            "name": "string"
        },
        "name": "fish",
        "photoUrls": [
            "string"
        ],
        "tags": [
            {
                "id": 0,
                "name": "string"
            }
        ],
        "status": "available"
    },
    {
        "id": 9223372036854251456,
        "category": {
            "id": 0,
            "name": "string"
        },
        "name": "fish",
        "photoUrls": [
            "string"
        ],
        "tags": [
            {
                "id": 0,
                "name": "string"
            }
        ],
        "status": "available"
    },
    {
        "id": 60553862,
        "category": {
            "id": 90589796,
            "name": "afqgjcql"
        },
        "name": "fqiczzvk",
        "photoUrls": [
            "https:\\\\petphoto"
        ],
        "tags": [
            {
                "id": 0,
                "name": "doggie"
            }
        ],
        "status": "available"
    },
    {
        "id": 9223372036854251459,
        "category": {
            "id": 0,
            "name": "string"
        },
        "name": "doggie",
        "photoUrls": [
            "string"
        ],
        "tags": [
            {
                "id": 0,
                "name": "string"
            }
        ],
        "status": "available"
    },
    {
        "id": 9223372036854251460,
        "category": {
            "id": 0,
            "name": "banana"
        },
        "name": "cat",
        "photoUrls": [
            "string"
        ],
        "tags": [
            {
                "id": 0,
                "name": "string"
            }
        ],
        "status": "available"
    },
    {
        "id": 9223372036854251464,
        "category": {
            "id": 0,
            "name": "string"
        },
        "name": "doggie",
        "photoUrls": [
            "string"
        ],
        "tags": [
            {
                "id": 0,
                "name": "string"
            }
        ],
        "status": "available"
    },
    {
        "id": 9223372036854251465,
        "category": {
            "id": 0,
            "name": "string"
        },
        "name": "doggie",
        "photoUrls": [
            "string"
        ],
        "tags": [
            {
                "id": 0,
                "name": "string"
            }
        ],
        "status": "available"
    },
    {
        "id": 9223372036854251466,
        "category": {
            "id": 0,
            "name": "string"
        },
        "name": "doggie",
        "photoUrls": [
            "string"
        ],
        "tags": [
            {
                "id": 0,
                "name": "string"
            }
        ],
        "status": "available"
    },
    {
        "id": 9223372036854251467,
        "category": {
            "id": 0,
            "name": "string"
        },
        "name": "doggie",
        "photoUrls": [
            "string"
        ],
        "tags": [
            {
                "id": 0,
                "name": "string"
            }
        ],
        "status": "available"
    },
    {
        "id": 9223372036854251468,
        "category": {
            "id": 0,
            "name": "string"
        },
        "name": "doggie",
        "photoUrls": [
            "string"
        ],
        "tags": [
            {
                "id": 0,
                "name": "string"
            }
        ],
        "status": "available"
    },
    {
        "id": 9223372036854251469,
        "category": {
            "id": 0,
            "name": "string"
        },
        "name": "doggie",
        "photoUrls": [
            "string"
        ],
        "tags": [
            {
                "id": 0,
                "name": "string"
            }
        ],
        "status": "available"
    },
    {
        "id": 9223372036854251470,
        "category": {
            "id": 0,
            "name": "string"
        },
        "name": "doggie",
        "photoUrls": [
            "string"
        ],
        "tags": [
            {
                "id": 0,
                "name": "string"
            }
        ],
        "status": "available"
    },
    {
        "id": 9223372036854251471,
        "category": {
            "id": 0,
            "name": "string"
        },
        "name": "doggie",
        "photoUrls": [
            "string"
        ],
        "tags": [
            {
                "id": 0,
                "name": "string"
            }
        ],
        "status": "available"
    },
    {
        "id": 9223372036854251472,
        "category": {
            "id": 0,
            "name": "string"
        },
        "name": "doggie",
        "photoUrls": [
            "string"
        ],
        "tags": [
            {
                "id": 0,
                "name": "string"
            }
        ],
        "status": "available"
    },
    {
        "id": 9223372036854251473,
        "category": {
            "id": 0,
            "name": "string"
        },
        "name": "doggie",
        "photoUrls": [
            "string"
        ],
        "tags": [
            {
                "id": 0,
                "name": "string"
            }
        ],
        "status": "available"
    },
    {
        "id": 9223372036854251474,
        "category": {
            "id": 0,
            "name": "string"
        },
        "name": "doggie",
        "photoUrls": [
            "string"
        ],
        "tags": [
            {
                "id": 0,
                "name": "string"
            }
        ],
        "status": "available"
    },
    {
        "id": 9223372036854251475,
        "category": {
            "id": 0,
            "name": "string"
        },
        "name": "doggie",
        "photoUrls": [
            "string"
        ],
        "tags": [
            {
                "id": 0,
                "name": "string"
            }
        ],
        "status": "available"
    },
    {
        "id": 9223372036854251476,
        "category": {
            "id": 0,
            "name": "string"
        },
        "name": "fish",
        "photoUrls": [
            "string"
        ],
        "tags": [
            {
                "id": 0,
                "name": "string"
            }
        ],
        "status": "available"
    },
    {
        "id": 9223372036854251477,
        "category": {
            "id": 0,
            "name": "string"
        },
        "name": "doggie",
        "photoUrls": [
            "string"
        ],
        "tags": [
            {
                "id": 0,
                "name": "string"
            }
        ],
        "status": "available"
    },
    {
        "id": 9223372036854251478,
        "category": {
            "id": 0,
            "name": "string"
        },
        "name": "doggie",
        "photoUrls": [
            "string"
        ],
        "tags": [
            {
                "id": 0,
                "name": "string"
            }
        ],
        "status": "available"
    },
    {
        "id": 9223372036854251479,
        "category": {
            "id": 0,
            "name": "string"
        },
        "name": "doggie",
        "photoUrls": [
            "string"
        ],
        "tags": [
            {
                "id": 0,
                "name": "string"
            }
        ],
        "status": "available"
    },
    {
        "id": 9223372036854251480,
        "category": {
            "id": 0,
            "name": "string"
        },
        "name": "doggie",
        "photoUrls": [
            "string"
        ],
        "tags": [
            {
                "id": 0,
                "name": "string"
            }
        ],
        "status": "available"
    },
    {
        "id": 9223372036854251481,
        "category": {
            "id": 0,
            "name": "string"
        },
        "name": "doggie",
        "photoUrls": [
            "string"
        ],
        "tags": [
            {
                "id": 0,
                "name": "string"
            }
        ],
        "status": "available"
    },
    {
        "id": 9223372036854251482,
        "category": {
            "id": 0,
            "name": "string"
        },
        "name": "doggie",
        "photoUrls": [
            "string"
        ],
        "tags": [
            {
                "id": 0,
                "name": "string"
            }
        ],
        "status": "available"
    },
    {
        "id": 69972275,
        "category": {
            "id": 59712549,
            "name": "pjqkrkeh"
        },
        "name": "pagzcbyg",
        "photoUrls": [
            "https:\\\\petphoto"
        ],
        "tags": [
            {
                "id": 0,
                "name": "doggie"
            }
        ],
        "status": "available"
    },
    {
        "id": 9223372036854251483,
        "category": {
            "id": 0,
            "name": "string"
        },
        "name": "fish",
        "photoUrls": [
            "string"
        ],
        "tags": [
            {
                "id": 0,
                "name": "string"
            }
        ],
        "status": "available"
    },
    {
        "id": 11754467,
        "category": {
            "id": 95798043,
            "name": "irgrafjc"
        },
        "name": "kqxkavmi",
        "photoUrls": [
            "https:\\\\petphoto"
        ],
        "tags": [
            {
                "id": 0,
                "name": "doggie"
            }
        ],
        "status": "available"
    },
    {
        "id": 15293443,
        "category": {
            "id": 0,
            "name": "animal"
        },
        "name": "xjeruliw",
        "photoUrls": [
            "https:\\\\petphoto"
        ],
        "tags": [
            {
                "id": 0,
                "name": "kitty"
            }
        ],
        "status": "available"
    },
    {
        "id": 9223372036854251488,
        "category": {
            "id": 0,
            "name": "string"
        },
        "name": "fish",
        "photoUrls": [
            "string"
        ],
        "tags": [
            {
                "id": 0,
                "name": "string"
            }
        ],
        "status": "available"
    },
    {
        "id": 9223372036854251489,
        "category": {
            "id": 0,
            "name": "string"
        },
        "name": "fish",
        "photoUrls": [
            "string"
        ],
        "tags": [
            {
                "id": 0,
                "name": "string"
            }
        ],
        "status": "available"
    },
    {
        "id": 9223372036854251492,
        "category": {
            "id": 0,
            "name": "string"
        },
        "name": "fish",
        "photoUrls": [
            "string"
        ],
        "tags": [
            {
                "id": 0,
                "name": "string"
            }
        ],
        "status": "available"
    },
    {
        "id": 9223372036854251493,
        "category": {
            "id": 0,
            "name": "string"
        },
        "name": "doggie",
        "photoUrls": [
            "string"
        ],
        "tags": [
            {
                "id": 0,
                "name": "string"
            }
        ],
        "status": "available"
    },
    {
        "id": 9223372036854251494,
        "category": {
            "id": 0,
            "name": "string"
        },
        "name": "fish",
        "photoUrls": [
            "string"
        ],
        "tags": [
            {
                "id": 0,
                "name": "string"
            }
        ],
        "status": "available"
    },
    {
        "id": 9223372036854251495,
        "category": {
            "id": 0,
            "name": "string"
        },
        "name": "fish",
        "photoUrls": [
            "string"
        ],
        "tags": [
            {
                "id": 0,
                "name": "string"
            }
        ],
        "status": "available"
    },
    {
        "id": 9223372036854251510,
        "category": {
            "id": 0,
            "name": "string"
        },
        "name": "doggie",
        "photoUrls": [
            "string"
        ],
        "tags": [
            {
                "id": 0,
                "name": "string"
            }
        ],
        "status": "available"
    },
    {
        "id": 9223372036854251532,
        "category": {
            "id": 0,
            "name": "string"
        },
        "name": "doggie",
        "photoUrls": [
            "string"
        ],
        "tags": [
            {
                "id": 0,
                "name": "string"
            }
        ],
        "status": "available"
    },
    {
        "id": 9223372036854251533,
        "category": {
            "id": 0,
            "name": "string"
        },
        "name": "doggie",
        "photoUrls": [
            "string"
        ],
        "tags": [
            {
                "id": 0,
                "name": "string"
            }
        ],
        "status": "available"
    },
    {
        "id": 9223372036854251534,
        "category": {
            "id": 0,
            "name": "string"
        },
        "name": "doggie",
        "photoUrls": [
            "string"
        ],
        "tags": [
            {
                "id": 0,
                "name": "string"
            }
        ],
        "status": "available"
    },
    {
        "id": 9223372036854251536,
        "category": {
            "id": 0,
            "name": "string"
        },
        "name": "doggie",
        "photoUrls": [
            "string"
        ],
        "tags": [
            {
                "id": 0,
                "name": "string"
            }
        ],
        "status": "available"
    },
    {
        "id": 9223372036854251537,
        "category": {
            "id": 0,
            "name": "string"
        },
        "name": "doggie",
        "photoUrls": [
            "string"
        ],
        "tags": [
            {
                "id": 0,
                "name": "string"
            }
        ],
        "status": "available"
    },
    {
        "id": 9223372036854251539,
        "category": {
            "id": 0,
            "name": "string"
        },
        "name": "doggie",
        "photoUrls": [
            "string"
        ],
        "tags": [
            {
                "id": 0,
                "name": "string"
            }
        ],
        "status": "available"
    },
    {
        "id": 9223372036854251548,
        "category": {
            "id": 0,
            "name": "string"
        },
        "name": "doggie",
        "photoUrls": [
            "string"
        ],
        "tags": [
            {
                "id": 0,
                "name": "string"
            }
        ],
        "status": "available"
    },
    {
        "id": 9223372036854251549,
        "category": {
            "id": 0,
            "name": "string"
        },
        "name": "doggie",
        "photoUrls": [
            "string"
        ],
        "tags": [
            {
                "id": 0,
                "name": "string"
            }
        ],
        "status": "available"
    },
    {
        "id": 9223372036854251550,
        "category": {
            "id": 0,
            "name": "string"
        },
        "name": "doggie",
        "photoUrls": [
            "string"
        ],
        "tags": [
            {
                "id": 0,
                "name": "string"
            }
        ],
        "status": "available"
    },
    {
        "id": 9223372036854251551,
        "category": {
            "id": 0,
            "name": "string"
        },
        "name": "doggie",
        "photoUrls": [
            "string"
        ],
        "tags": [
            {
                "id": 0,
                "name": "string"
            }
        ],
        "status": "available"
    },
    {
        "id": 9223372036854251552,
        "category": {
            "id": 0,
            "name": "string"
        },
        "name": "doggie",
        "photoUrls": [
            "string"
        ],
        "tags": [
            {
                "id": 0,
                "name": "string"
            }
        ],
        "status": "available"
    },
    {
        "id": 9223372036854251553,
        "category": {
            "id": 0,
            "name": "string"
        },
        "name": "doggie",
        "photoUrls": [
            "string"
        ],
        "tags": [
            {
                "id": 0,
                "name": "string"
            }
        ],
        "status": "available"
    },
    {
        "id": 9223372036854251554,
        "category": {
            "id": 0,
            "name": "string"
        },
        "name": "doggie",
        "photoUrls": [
            "string"
        ],
        "tags": [
            {
                "id": 0,
                "name": "string"
            }
        ],
        "status": "available"
    },
    {
        "id": 9223372036854251555,
        "category": {
            "id": 0,
            "name": "string"
        },
        "name": "doggie",
        "photoUrls": [
            "string"
        ],
        "tags": [
            {
                "id": 0,
                "name": "string"
            }
        ],
        "status": "available"
    },
    {
        "id": 9223372036854251556,
        "category": {
            "id": 0,
            "name": "string"
        },
        "name": "doggie",
        "photoUrls": [
            "string"
        ],
        "tags": [
            {
                "id": 0,
                "name": "string"
            }
        ],
        "status": "available"
    },
    {
        "id": 9223372036854251557,
        "category": {
            "id": 0,
            "name": "string"
        },
        "name": "doggie",
        "photoUrls": [
            "string"
        ],
        "tags": [
            {
                "id": 0,
                "name": "string"
            }
        ],
        "status": "available"
    },
    {
        "id": 9223372036854251558,
        "category": {
            "id": 0,
            "name": "string"
        },
        "name": "doggie",
        "photoUrls": [
            "string"
        ],
        "tags": [
            {
                "id": 0,
                "name": "string"
            }
        ],
        "status": "available"
    },
    {
        "id": 9223372036854251559,
        "category": {
            "id": 0,
            "name": "string"
        },
        "name": "doggie",
        "photoUrls": [
            "string"
        ],
        "tags": [
            {
                "id": 0,
                "name": "string"
            }
        ],
        "status": "available"
    },
    {
        "id": 9223372036854251560,
        "category": {
            "id": 0,
            "name": "string"
        },
        "name": "fish",
        "photoUrls": [
            "string"
        ],
        "tags": [
            {
                "id": 0,
                "name": "string"
            }
        ],
        "status": "available"
    },
    {
        "id": 9223372036854251561,
        "category": {
            "id": 0,
            "name": "string"
        },
        "name": "fish",
        "photoUrls": [
            "string"
        ],
        "tags": [
            {
                "id": 0,
                "name": "string"
            }
        ],
        "status": "available"
    },
    {
        "id": 9223372036854251566,
        "category": {
            "id": 0,
            "name": "string"
        },
        "name": "doggie",
        "photoUrls": [
            "string"
        ],
        "tags": [
            {
                "id": 0,
                "name": "string"
            }
        ],
        "status": "available"
    },
    {
        "id": 9223372036854251573,
        "category": {
            "id": 0,
            "name": "string"
        },
        "name": "doggie",
        "photoUrls": [
            "string"
        ],
        "tags": [
            {
                "id": 0,
                "name": "string"
            }
        ],
        "status": "available"
    },
    {
        "id": 9223372036854251575,
        "category": {
            "id": 0,
            "name": "string"
        },
        "name": "doggie",
        "photoUrls": [
            "string"
        ],
        "tags": [
            {
                "id": 0,
                "name": "string"
            }
        ],
        "status": "available"
    },
    {
        "id": 9223372036854251576,
        "category": {
            "id": 0,
            "name": "string"
        },
        "name": "fish",
        "photoUrls": [
            "string"
        ],
        "tags": [
            {
                "id": 0,
                "name": "string"
            }
        ],
        "status": "available"
    },
    {
        "id": 9223372036854251578,
        "category": {
            "id": 0,
            "name": "string"
        },
        "name": "fish",
        "photoUrls": [
            "string"
        ],
        "tags": [
            {
                "id": 0,
                "name": "string"
            }
        ],
        "status": "available"
    },
    {
        "id": 9223372036854251584,
        "category": {
            "id": 0,
            "name": "string"
        },
        "name": "fish",
        "photoUrls": [
            "string"
        ],
        "tags": [
            {
                "id": 0,
                "name": "string"
            }
        ],
        "status": "available"
    },
    {
        "id": 9223372036854251585,
        "category": {
            "id": 0,
            "name": "string"
        },
        "name": "fish",
        "photoUrls": [
            "string"
        ],
        "tags": [
            {
                "id": 0,
                "name": "string"
            }
        ],
        "status": "available"
    },
    {
        "id": 9223372036854251586,
        "category": {
            "id": 0,
            "name": "string"
        },
        "name": "fish",
        "photoUrls": [
            "string"
        ],
        "tags": [
            {
                "id": 0,
                "name": "string"
            }
        ],
        "status": "available"
    },
    {
        "id": 3114,
        "category": {
            "id": 3114,
            "name": "string"
        },
        "name": "doggie",
        "photoUrls": [
            "abc",
            "def"
        ],
        "tags": [
            {
                "id": 0,
                "name": "test0"
            },
            {
                "id": 1,
                "name": "test1"
            }
        ],
        "status": "available"
    },
    {
        "id": 9223372036854251600,
        "category": {
            "id": 0,
            "name": "string"
        },
        "name": "doggie",
        "photoUrls": [
            "string"
        ],
        "tags": [
            {
                "id": 0,
                "name": "string"
            }
        ],
        "status": "available"
    },
    {
        "id": 9223372036854251601,
        "category": {
            "id": 0,
            "name": "string"
        },
        "name": "doggie",
        "photoUrls": [
            "string"
        ],
        "tags": [
            {
                "id": 0,
                "name": "string"
            }
        ],
        "status": "available"
    },
    {
        "id": 9223372036854251602,
        "category": {
            "id": 0,
            "name": "string"
        },
        "name": "doggie",
        "photoUrls": [
            "string"
        ],
        "tags": [
            {
                "id": 0,
                "name": "string"
            }
        ],
        "status": "available"
    },
    {
        "id": 9223372036854251603,
        "category": {
            "id": 0,
            "name": "string"
        },
        "name": "doggie",
        "photoUrls": [
            "string"
        ],
        "tags": [
            {
                "id": 0,
                "name": "string"
            }
        ],
        "status": "available"
    },
    {
        "id": 9223372036854251604,
        "category": {
            "id": 0,
            "name": "string"
        },
        "name": "doggie",
        "photoUrls": [
            "string"
        ],
        "tags": [
            {
                "id": 0,
                "name": "string"
            }
        ],
        "status": "available"
    },
    {
        "id": 9223372036854251605,
        "category": {
            "id": 0,
            "name": "string"
        },
        "name": "doggie",
        "photoUrls": [
            "string"
        ],
        "tags": [
            {
                "id": 0,
                "name": "string"
            }
        ],
        "status": "available"
    },
    {
        "id": 9223372036854251606,
        "category": {
            "id": 0,
            "name": "string"
        },
        "name": "doggie",
        "photoUrls": [
            "string"
        ],
        "tags": [
            {
                "id": 0,
                "name": "string"
            }
        ],
        "status": "available"
    },
    {
        "id": 9223372036854251607,
        "category": {
            "id": 0,
            "name": "string"
        },
        "name": "doggie",
        "photoUrls": [
            "string"
        ],
        "tags": [
            {
                "id": 0,
                "name": "string"
            }
        ],
        "status": "available"
    },
    {
        "id": 9223372036854251608,
        "category": {
            "id": 0,
            "name": "string"
        },
        "name": "doggie",
        "photoUrls": [
            "string"
        ],
        "tags": [
            {
                "id": 0,
                "name": "string"
            }
        ],
        "status": "available"
    },
    {
        "id": 9223372036854251609,
        "category": {
            "id": 0,
            "name": "string"
        },
        "name": "doggie",
        "photoUrls": [
            "string"
        ],
        "tags": [
            {
                "id": 0,
                "name": "string"
            }
        ],
        "status": "available"
    },
    {
        "id": 9223372036854251610,
        "category": {
            "id": 0,
            "name": "string"
        },
        "name": "doggie",
        "photoUrls": [
            "string"
        ],
        "tags": [
            {
                "id": 0,
                "name": "string"
            }
        ],
        "status": "available"
    },
    {
        "id": 9223372036854251611,
        "category": {
            "id": 0,
            "name": "string"
        },
        "name": "doggie",
        "photoUrls": [
            "string"
        ],
        "tags": [
            {
                "id": 0,
                "name": "string"
            }
        ],
        "status": "available"
    },
    {
        "id": 9223372036854251612,
        "category": {
            "id": 0,
            "name": "string"
        },
        "name": "doggie",
        "photoUrls": [
            "string"
        ],
        "tags": [
            {
                "id": 0,
                "name": "string"
            }
        ],
        "status": "available"
    },
    {
        "id": 9223372036854251613,
        "category": {
            "id": 0,
            "name": "string"
        },
        "name": "doggie",
        "photoUrls": [
            "string"
        ],
        "tags": [
            {
                "id": 0,
                "name": "string"
            }
        ],
        "status": "available"
    },
    {
        "id": 9223372036854251614,
        "category": {
            "id": 0,
            "name": "string"
        },
        "name": "doggie",
        "photoUrls": [
            "string"
        ],
        "tags": [
            {
                "id": 0,
                "name": "string"
            }
        ],
        "status": "available"
    },
    {
        "id": 9223372036854251616,
        "category": {
            "id": 0,
            "name": "string"
        },
        "name": "doggie",
        "photoUrls": [
            "string"
        ],
        "tags": [
            {
                "id": 0,
                "name": "string"
            }
        ],
        "status": "available"
    },
    {
        "id": 9223372036854251617,
        "category": {
            "id": 0,
            "name": "string"
        },
        "name": "doggie",
        "photoUrls": [
            "string"
        ],
        "tags": [
            {
                "id": 0,
                "name": "string"
            }
        ],
        "status": "available"
    },
    {
        "id": 9223372036854251618,
        "category": {
            "id": 0,
            "name": "string"
        },
        "name": "doggie",
        "photoUrls": [
            "string"
        ],
        "tags": [
            {
                "id": 0,
                "name": "string"
            }
        ],
        "status": "available"
    },
    {
        "id": 9223372036854251620,
        "category": {
            "id": 0,
            "name": "string"
        },
        "name": "fish",
        "photoUrls": [
            "string"
        ],
        "tags": [
            {
                "id": 0,
                "name": "string"
            }
        ],
        "status": "available"
    },
    {
        "id": 9223372036854251621,
        "category": {
            "id": 0,
            "name": "string"
        },
        "name": "fish",
        "photoUrls": [
            "string"
        ],
        "tags": [
            {
                "id": 0,
                "name": "string"
            }
        ],
        "status": "available"
    },
    {
        "id": 9223372036854251625,
        "category": {
            "id": 0,
            "name": "string"
        },
        "name": "Guru",
        "photoUrls": [
            "string"
        ],
        "tags": [
            {
                "id": 0,
                "name": "string"
            }
        ],
        "status": "available"
    },
    {
        "id": 9223372036854251626,
        "category": {
            "id": 0,
            "name": "puppy"
        },
        "name": "doggie",
        "photoUrls": [
            "string"
        ],
        "tags": [
            {
                "id": 0,
                "name": "Charlie"
            }
        ],
        "status": "available"
    },
    {
        "id": 9223372036854251627,
        "name": "siyaan",
        "photoUrls": [
            
        ],
        "tags": [
            
        ],
        "status": "available"
    },
    {
        "id": 9223372036854251634,
        "category": {
            "id": 0,
            "name": "string"
        },
        "name": "fish",
        "photoUrls": [
            "string"
        ],
        "tags": [
            {
                "id": 0,
                "name": "string"
            }
        ],
        "status": "available"
    },
    {
        "id": 9223372036854251635,
        "category": {
            "id": 0,
            "name": "string"
        },
        "name": "fish",
        "photoUrls": [
            "string"
        ],
        "tags": [
            {
                "id": 0,
                "name": "string"
            }
        ],
        "status": "available"
    },
    {
        "id": 900,
        "category": {
            "id": 0,
            "name": "Dog name"
        },
        "name": "doggie",
        "photoUrls": [
            "string"
        ],
        "tags": [
            {
                "id": 0,
                "name": "string"
            }
        ],
        "status": "available"
    },
    {
        "id": 9223372036854251636,
        "category": {
            "id": 0,
            "name": "string"
        },
        "name": "doggie",
        "photoUrls": [
            "string"
        ],
        "tags": [
            {
                "id": 0,
                "name": "string"
            }
        ],
        "status": "available"
    },
    {
        "id": 9223372036854251637,
        "category": {
            "id": 0,
            "name": "string"
        },
        "name": "doggie",
        "photoUrls": [
            "string"
        ],
        "tags": [
            {
                "id": 0,
                "name": "string"
            }
        ],
        "status": "available"
    },
    {
        "id": 9223372036854251638,
        "category": {
            "id": 0,
            "name": "string"
        },
        "name": "fish",
        "photoUrls": [
            "string"
        ],
        "tags": [
            {
                "id": 0,
                "name": "string"
            }
        ],
        "status": "available"
    },
    {
        "id": 9223372036854251640,
        "category": {
            "id": 0,
            "name": "string"
        },
        "name": "doggie",
        "photoUrls": [
            "string"
        ],
        "tags": [
            {
                "id": 0,
                "name": "string"
            }
        ],
        "status": "available"
    },
    {
        "id": 9223372036854251641,
        "category": {
            "id": 0,
            "name": "string"
        },
        "name": "doggie",
        "photoUrls": [
            "string"
        ],
        "tags": [
            {
                "id": 0,
                "name": "string"
            }
        ],
        "status": "available"
    },
    {
        "id": 9223372036854251642,
        "category": {
            "id": 0,
            "name": "string"
        },
        "name": "doggie",
        "photoUrls": [
            "string"
        ],
        "tags": [
            {
                "id": 0,
                "name": "string"
            }
        ],
        "status": "available"
    },
    {
        "id": 9223372036854251643,
        "category": {
            "id": 0,
            "name": "string"
        },
        "name": "doggie",
        "photoUrls": [
            "string"
        ],
        "tags": [
            {
                "id": 0,
                "name": "string"
            }
        ],
        "status": "available"
    },
    {
        "id": 9223372036854251644,
        "category": {
            "id": 0,
            "name": "string"
        },
        "name": "doggie",
        "photoUrls": [
            "string"
        ],
        "tags": [
            {
                "id": 0,
                "name": "string"
            }
        ],
        "status": "available"
    },
    {
        "id": 9223372036854251645,
        "category": {
            "id": 0,
            "name": "string"
        },
        "name": "doggie",
        "photoUrls": [
            "string"
        ],
        "tags": [
            {
                "id": 0,
                "name": "string"
            }
        ],
        "status": "available"
    },
    {
        "id": 9223372036854251647,
        "category": {
            "id": 0,
            "name": "string"
        },
        "name": "doggie",
        "photoUrls": [
            "string"
        ],
        "tags": [
            {
                "id": 0,
                "name": "string"
            }
        ],
        "status": "available"
    },
    {
        "id": 9223372036854251648,
        "category": {
            "id": 0,
            "name": "string"
        },
        "name": "doggie",
        "photoUrls": [
            "string"
        ],
        "tags": [
            {
                "id": 0,
                "name": "string"
            }
        ],
        "status": "available"
    },
    {
        "id": 9223372036854251649,
        "category": {
            "id": 0,
            "name": "string"
        },
        "name": "doggie",
        "photoUrls": [
            "string"
        ],
        "tags": [
            {
                "id": 0,
                "name": "string"
            }
        ],
        "status": "available"
    },
    {
        "id": 9223372036854251650,
        "category": {
            "id": 0,
            "name": "string"
        },
        "name": "doggie",
        "photoUrls": [
            "string"
        ],
        "tags": [
            {
                "id": 0,
                "name": "string"
            }
        ],
        "status": "available"
    },
    {
        "id": 9223372036854251651,
        "category": {
            "id": 0,
            "name": "string"
        },
        "name": "doggie",
        "photoUrls": [
            "string"
        ],
        "tags": [
            {
                "id": 0,
                "name": "string"
            }
        ],
        "status": "available"
    },
    {
        "id": 9223372036854251652,
        "category": {
            "id": 0,
            "name": "string"
        },
        "name": "doggie",
        "photoUrls": [
            "string"
        ],
        "tags": [
            {
                "id": 0,
                "name": "string"
            }
        ],
        "status": "available"
    },
    {
        "id": 9223372036854251653,
        "category": {
            "id": 0,
            "name": "string"
        },
        "name": "doggie",
        "photoUrls": [
            "string"
        ],
        "tags": [
            {
                "id": 0,
                "name": "string"
            }
        ],
        "status": "available"
    },
    {
        "id": 9223372036854251654,
        "category": {
            "id": 0,
            "name": "string"
        },
        "name": "doggie",
        "photoUrls": [
            "string"
        ],
        "tags": [
            {
                "id": 0,
                "name": "string"
            }
        ],
        "status": "available"
    },
    {
        "id": 9223372036854251655,
        "category": {
            "id": 0,
            "name": "string"
        },
        "name": "doggie",
        "photoUrls": [
            "string"
        ],
        "tags": [
            {
                "id": 0,
                "name": "string"
            }
        ],
        "status": "available"
    },
    {
        "id": 9223372036854251656,
        "category": {
            "id": 0,
            "name": "string"
        },
        "name": "doggie",
        "photoUrls": [
            "string"
        ],
        "tags": [
            {
                "id": 0,
                "name": "string"
            }
        ],
        "status": "available"
    },
    {
        "id": 9223372036854251657,
        "category": {
            "id": 0,
            "name": "string"
        },
        "name": "doggie",
        "photoUrls": [
            "string"
        ],
        "tags": [
            {
                "id": 0,
                "name": "string"
            }
        ],
        "status": "available"
    },
    {
        "id": 9223372036854251658,
        "category": {
            "id": 0,
            "name": "string"
        },
        "name": "doggie",
        "photoUrls": [
            "string"
        ],
        "tags": [
            {
                "id": 0,
                "name": "string"
            }
        ],
        "status": "available"
    },
    {
        "id": 9223372036854251659,
        "category": {
            "id": 0,
            "name": "string"
        },
        "name": "doggie",
        "photoUrls": [
            "string"
        ],
        "tags": [
            {
                "id": 0,
                "name": "string"
            }
        ],
        "status": "available"
    },
    {
        "id": 9223372036854251662,
        "category": {
            "id": 0,
            "name": "string"
        },
        "name": "fish",
        "photoUrls": [
            "string"
        ],
        "tags": [
            {
                "id": 0,
                "name": "string"
            }
        ],
        "status": "available"
    },
    {
        "id": 9223372036854251665,
        "category": {
            "id": 0,
            "name": "string"
        },
        "name": "fish",
        "photoUrls": [
            "string"
        ],
        "tags": [
            {
                "id": 0,
                "name": "string"
            }
        ],
        "status": "available"
    },
    {
        "id": 9223372036854251666,
        "category": {
            "id": 0,
            "name": "string"
        },
        "name": "doggie",
        "photoUrls": [
            "string"
        ],
        "tags": [
            {
                "id": 0,
                "name": "string"
            }
        ],
        "status": "available"
    },
    {
        "id": 9223372036854251667,
        "category": {
            "id": 0,
            "name": "string"
        },
        "name": "doggie",
        "photoUrls": [
            "string"
        ],
        "tags": [
            {
                "id": 0,
                "name": "string"
            }
        ],
        "status": "available"
    },
    {
        "id": 9223372036854262706,
        "category": {
            "id": 0,
            "name": "string"
        },
        "name": "fish",
        "photoUrls": [
            "string"
        ],
        "tags": [
            {
                "id": 0,
                "name": "string"
            }
        ],
        "status": "available"
    },
    {
        "id": 9223372036854262707,
        "category": {
            "id": 0,
            "name": "string"
        },
        "name": "fish",
        "photoUrls": [
            "string"
        ],
        "tags": [
            {
                "id": 0,
                "name": "string"
            }
        ],
        "status": "available"
    },
    {
        "id": 9223372036854262708,
        "category": {
            "id": 0,
            "name": "string"
        },
        "name": "doggie",
        "photoUrls": [
            "string"
        ],
        "tags": [
            {
                "id": 0,
                "name": "string"
            }
        ],
        "status": "available"
    },
    {
        "id": 9223372036854262709,
        "category": {
            "id": 0,
            "name": "string"
        },
        "name": "fish",
        "photoUrls": [
            "string"
        ],
        "tags": [
            {
                "id": 0,
                "name": "string"
            }
        ],
        "status": "available"
    },
    {
        "id": 9223372036854262711,
        "category": {
            "id": 0,
            "name": "string"
        },
        "name": "fish",
        "photoUrls": [
            "string"
        ],
        "tags": [
            {
                "id": 0,
                "name": "string"
            }
        ],
        "status": "available"
    },
    {
        "id": 9223372036854262718,
        "category": {
            "id": 0,
            "name": "string"
        },
        "name": "fish",
        "photoUrls": [
            "string"
        ],
        "tags": [
            {
                "id": 0,
                "name": "string"
            }
        ],
        "status": "available"
    },
    {
        "id": 9223372036854262719,
        "category": {
            "id": 0,
            "name": "string"
        },
        "name": "fish",
        "photoUrls": [
            "string"
        ],
        "tags": [
            {
                "id": 0,
                "name": "string"
            }
        ],
        "status": "available"
    },
    {
        "id": 9223372036854262722,
        "category": {
            "id": 0,
            "name": "string"
        },
        "name": "doggie",
        "photoUrls": [
            "string"
        ],
        "tags": [
            {
                "id": 0,
                "name": "string"
            }
        ],
        "status": "available"
    },
    {
        "id": 1245,
        "category": {
            "id": 1245,
            "name": "xyz"
        },
        "name": "xyz",
        "photoUrls": [
            "test"
        ],
        "tags": [
            
        ],
        "status": "available"
    },
    {
        "id": 9223372036854262723,
        "category": {
            "id": 0,
            "name": "string"
        },
        "name": "Puff",
        "photoUrls": [
            "string"
        ],
        "tags": [
            {
                "id": 0,
                "name": "string"
            }
        ],
        "status": "available"
    },
    {
        "id": 9223372036854262724,
        "category": {
            "id": 0,
            "name": "string"
        },
        "name": "doggie",
        "photoUrls": [
            "string"
        ],
        "tags": [
            {
                "id": 0,
                "name": "string"
            }
        ],
        "status": "available"
    },
    {
        "id": 9223372036854262725,
        "category": {
            "id": 0,
            "name": "string"
        },
        "name": "doggie",
        "photoUrls": [
            "string"
        ],
        "tags": [
            {
                "id": 0,
                "name": "string"
            }
        ],
        "status": "available"
    },
    {
        "id": 9223372036854262726,
        "category": {
            "id": 0,
            "name": "string"
        },
        "name": "doggie",
        "photoUrls": [
            "string"
        ],
        "tags": [
            {
                "id": 0,
                "name": "string"
            }
        ],
        "status": "available"
    },
    {
        "id": 9223372036854262727,
        "category": {
            "id": 0,
            "name": "string"
        },
        "name": "doggie",
        "photoUrls": [
            "string"
        ],
        "tags": [
            {
                "id": 0,
                "name": "string"
            }
        ],
        "status": "available"
    },
    {
        "id": 9223372036854262728,
        "category": {
            "id": 0,
            "name": "string"
        },
        "name": "doggie",
        "photoUrls": [
            "string"
        ],
        "tags": [
            {
                "id": 0,
                "name": "string"
            }
        ],
        "status": "available"
    },
    {
        "id": 9223372036854262729,
        "category": {
            "id": 0,
            "name": "string"
        },
        "name": "doggie",
        "photoUrls": [
            "string"
        ],
        "tags": [
            {
                "id": 0,
                "name": "string"
            }
        ],
        "status": "available"
    },
    {
        "id": 9223372036854262730,
        "category": {
            "id": 0,
            "name": "string"
        },
        "name": "doggie",
        "photoUrls": [
            "string"
        ],
        "tags": [
            {
                "id": 0,
                "name": "string"
            }
        ],
        "status": "available"
    },
    {
        "id": 9223372036854262731,
        "category": {
            "id": 0,
            "name": "string"
        },
        "name": "doggie",
        "photoUrls": [
            "string"
        ],
        "tags": [
            {
                "id": 0,
                "name": "string"
            }
        ],
        "status": "available"
    },
    {
        "id": 9223372036854262732,
        "category": {
            "id": 0,
            "name": "string"
        },
        "name": "doggie",
        "photoUrls": [
            "string"
        ],
        "tags": [
            {
                "id": 0,
                "name": "string"
            }
        ],
        "status": "available"
    },
    {
        "id": 9223372036854262733,
        "category": {
            "id": 0,
            "name": "string"
        },
        "name": "doggie",
        "photoUrls": [
            "string"
        ],
        "tags": [
            {
                "id": 0,
                "name": "string"
            }
        ],
        "status": "available"
    },
    {
        "id": 9223372036854262734,
        "category": {
            "id": 0,
            "name": "string"
        },
        "name": "doggie",
        "photoUrls": [
            "string"
        ],
        "tags": [
            {
                "id": 0,
                "name": "string"
            }
        ],
        "status": "available"
    },
    {
        "id": 9223372036854262735,
        "category": {
            "id": 0,
            "name": "string"
        },
        "name": "doggie",
        "photoUrls": [
            "string"
        ],
        "tags": [
            {
                "id": 0,
                "name": "string"
            }
        ],
        "status": "available"
    },
    {
        "id": 9223372036854262736,
        "category": {
            "id": 0,
            "name": "string"
        },
        "name": "fish",
        "photoUrls": [
            "string"
        ],
        "tags": [
            {
                "id": 0,
                "name": "string"
            }
        ],
        "status": "available"
    },
    {
        "id": 9223372036854262737,
        "category": {
            "id": 0,
            "name": "string"
        },
        "name": "doggie",
        "photoUrls": [
            "string"
        ],
        "tags": [
            {
                "id": 0,
                "name": "string"
            }
        ],
        "status": "available"
    },
    {
        "id": 9223372036854262739,
        "category": {
            "id": 0,
            "name": "string"
        },
        "name": "doggie",
        "photoUrls": [
            "string"
        ],
        "tags": [
            {
                "id": 0,
                "name": "string"
            }
        ],
        "status": "available"
    },
    {
        "id": 9223372036854262740,
        "category": {
            "id": 0,
            "name": "string"
        },
        "name": "doggie",
        "photoUrls": [
            "string"
        ],
        "tags": [
            {
                "id": 0,
                "name": "string"
            }
        ],
        "status": "available"
    },
    {
        "id": 9223372036854262741,
        "category": {
            "id": 0,
            "name": "string"
        },
        "name": "doggie",
        "photoUrls": [
            "string"
        ],
        "tags": [
            {
                "id": 0,
                "name": "string"
            }
        ],
        "status": "available"
    },
    {
        "id": 9223372036854262742,
        "category": {
            "id": 0,
            "name": "string"
        },
        "name": "doggie",
        "photoUrls": [
            "string"
        ],
        "tags": [
            {
                "id": 0,
                "name": "string"
            }
        ],
        "status": "available"
    },
    {
        "id": 9223372036854262743,
        "category": {
            "id": 0,
            "name": "string"
        },
        "name": "doggie",
        "photoUrls": [
            "string"
        ],
        "tags": [
            {
                "id": 0,
                "name": "string"
            }
        ],
        "status": "available"
    },
    {
        "id": 9223372036854262744,
        "category": {
            "id": 0,
            "name": "string"
        },
        "name": "doggie",
        "photoUrls": [
            "string"
        ],
        "tags": [
            {
                "id": 0,
                "name": "string"
            }
        ],
        "status": "available"
    },
    {
        "id": 9223372036854262745,
        "category": {
            "id": 0,
            "name": "string"
        },
        "name": "fish",
        "photoUrls": [
            "string"
        ],
        "tags": [
            {
                "id": 0,
                "name": "string"
            }
        ],
        "status": "available"
    },
    {
        "id": 9223372036854262746,
        "category": {
            "id": 0,
            "name": "string"
        },
        "name": "doggie",
        "photoUrls": [
            "string"
        ],
        "tags": [
            {
                "id": 0,
                "name": "string"
            }
        ],
        "status": "available"
    },
    {
        "id": 9223372036854262749,
        "category": {
            "id": 0,
            "name": "string"
        },
        "name": "cachorrin",
        "photoUrls": [
            "string"
        ],
        "tags": [
            {
                "id": 0,
                "name": "string"
            }
        ],
        "status": "available"
    },
    {
        "id": 9223372036854262752,
        "category": {
            "id": 0,
            "name": "string"
        },
        "name": "doggie",
        "photoUrls": [
            "string"
        ],
        "tags": [
            {
                "id": 0,
                "name": "string"
            }
        ],
        "status": "available"
    },
    {
        "id": 9223372036854262754,
        "category": {
            "id": 0,
            "name": "string"
        },
        "name": "fish",
        "photoUrls": [
            "string"
        ],
        "tags": [
            {
                "id": 0,
                "name": "string"
            }
        ],
        "status": "available"
    },
    {
        "id": 9223372036854262758,
        "category": {
            "id": 0,
            "name": "string"
        },
        "name": "fish",
        "photoUrls": [
            "string"
        ],
        "tags": [
            {
                "id": 0,
                "name": "string"
            }
        ],
        "status": "available"
    },
    {
        "id": 9223372036854262759,
        "category": {
            "id": 0,
            "name": "string"
        },
        "name": "fish",
        "photoUrls": [
            "string"
        ],
        "tags": [
            {
                "id": 0,
                "name": "string"
            }
        ],
        "status": "available"
    },
    {
        "id": 9223372036854262760,
        "category": {
            "id": 0,
            "name": "string"
        },
        "name": "fish",
        "photoUrls": [
            "string"
        ],
        "tags": [
            {
                "id": 0,
                "name": "string"
            }
        ],
        "status": "available"
    },
    {
        "id": 9223372036854262773,
        "category": {
            "id": 0,
            "name": "string"
        },
        "name": "fish",
        "photoUrls": [
            "string"
        ],
        "tags": [
            {
                "id": 0,
                "name": "string"
            }
        ],
        "status": "available"
    },
    {
        "id": 9223372036854262775,
        "category": {
            "id": 0,
            "name": "string"
        },
        "name": "doggie",
        "photoUrls": [
            "string"
        ],
        "tags": [
            {
                "id": 0,
                "name": "string"
            }
        ],
        "status": "available"
    },
    {
        "id": 9223372036854262776,
        "category": {
            "id": 0,
            "name": "string"
        },
        "name": "doggie",
        "photoUrls": [
            "string"
        ],
        "tags": [
            {
                "id": 0,
                "name": "string"
            }
        ],
        "status": "available"
    },
    {
        "id": 9223372036854262777,
        "category": {
            "id": 0,
            "name": "string"
        },
        "name": "doggie",
        "photoUrls": [
            "string"
        ],
        "tags": [
            {
                "id": 0,
                "name": "string"
            }
        ],
        "status": "available"
    },
    {
        "id": 9223372036854262778,
        "category": {
            "id": 0,
            "name": "string"
        },
        "name": "doggie",
        "photoUrls": [
            "string"
        ],
        "tags": [
            {
                "id": 0,
                "name": "string"
            }
        ],
        "status": "available"
    },
    {
        "id": 9223372036854262779,
        "category": {
            "id": 0,
            "name": "string"
        },
        "name": "doggie",
        "photoUrls": [
            "string"
        ],
        "tags": [
            {
                "id": 0,
                "name": "string"
            }
        ],
        "status": "available"
    },
    {
        "id": 9223372036854262780,
        "category": {
            "id": 0,
            "name": "string"
        },
        "name": "doggie",
        "photoUrls": [
            "string"
        ],
        "tags": [
            {
                "id": 0,
                "name": "string"
            }
        ],
        "status": "available"
    },
    {
        "id": 9223372036854262781,
        "category": {
            "id": 0,
            "name": "string"
        },
        "name": "doggie",
        "photoUrls": [
            "string"
        ],
        "tags": [
            {
                "id": 0,
                "name": "string"
            }
        ],
        "status": "available"
    },
    {
        "id": 9223372036854262782,
        "category": {
            "id": 0,
            "name": "string"
        },
        "name": "doggie",
        "photoUrls": [
            "string"
        ],
        "tags": [
            {
                "id": 0,
                "name": "string"
            }
        ],
        "status": "available"
    },
    {
        "id": 9223372036854262783,
        "category": {
            "id": 0,
            "name": "string"
        },
        "name": "doggie",
        "photoUrls": [
            "string"
        ],
        "tags": [
            {
                "id": 0,
                "name": "string"
            }
        ],
        "status": "available"
    },
    {
        "id": 9223372036854262785,
        "category": {
            "id": 0,
            "name": "string"
        },
        "name": "doggie",
        "photoUrls": [
            "string"
        ],
        "tags": [
            {
                "id": 0,
                "name": "string"
            }
        ],
        "status": "available"
    },
    {
        "id": 9223372036854262786,
        "category": {
            "id": 0,
            "name": "string"
        },
        "name": "doggie",
        "photoUrls": [
            "string"
        ],
        "tags": [
            {
                "id": 0,
                "name": "string"
            }
        ],
        "status": "available"
    },
    {
        "id": 9223372036854262787,
        "category": {
            "id": 0,
            "name": "string"
        },
        "name": "doggie",
        "photoUrls": [
            "string"
        ],
        "tags": [
            {
                "id": 0,
                "name": "string"
            }
        ],
        "status": "available"
    },
    {
        "id": 9223372036854262791,
        "category": {
            "id": 0,
            "name": "string"
        },
        "name": "doggie",
        "photoUrls": [
            "string"
        ],
        "tags": [
            {
                "id": 0,
                "name": "string"
            }
        ],
        "status": "available"
    },
    {
        "id": 9223372036854262792,
        "category": {
            "id": 0,
            "name": "string"
        },
        "name": "doggie",
        "photoUrls": [
            "string"
        ],
        "tags": [
            {
                "id": 0,
                "name": "string"
            }
        ],
        "status": "available"
    },
    {
        "id": 9223372036854262793,
        "category": {
            "id": 0,
            "name": "string"
        },
        "name": "doggie",
        "photoUrls": [
            "string"
        ],
        "tags": [
            {
                "id": 0,
                "name": "string"
            }
        ],
        "status": "available"
    },
    {
        "id": 9223372036854262794,
        "category": {
            "id": 0,
            "name": "string"
        },
        "name": "doggie",
        "photoUrls": [
            "string"
        ],
        "tags": [
            {
                "id": 0,
                "name": "string"
            }
        ],
        "status": "available"
    },
    {
        "id": 9223372036854262795,
        "category": {
            "id": 0,
            "name": "string"
        },
        "name": "doggie",
        "photoUrls": [
            "string"
        ],
        "tags": [
            {
                "id": 0,
                "name": "string"
            }
        ],
        "status": "available"
    },
    {
        "id": 9223372036854262796,
        "category": {
            "id": 0,
            "name": "string"
        },
        "name": "doggie",
        "photoUrls": [
            "string"
        ],
        "tags": [
            {
                "id": 0,
                "name": "string"
            }
        ],
        "status": "available"
    },
    {
        "id": 9223372036854262798,
        "category": {
            "id": 0,
            "name": "string"
        },
        "name": "fish",
        "photoUrls": [
            "string"
        ],
        "tags": [
            {
                "id": 0,
                "name": "string"
            }
        ],
        "status": "available"
    },
    {
        "id": 9223372036854262799,
        "category": {
            "id": 0,
            "name": "string"
        },
        "name": "fish",
        "photoUrls": [
            "string"
        ],
        "tags": [
            {
                "id": 0,
                "name": "string"
            }
        ],
        "status": "available"
    },
    {
        "id": 9223372036854262804,
        "category": {
            "id": 0,
            "name": "string"
        },
        "name": "doggie",
        "photoUrls": [
            "string"
        ],
        "tags": [
            {
                "id": 0,
                "name": "string"
            }
        ],
        "status": "available"
    },
    {
        "id": 9223372036854262807,
        "category": {
            "id": 0,
            "name": "string"
        },
        "name": "doggie",
        "photoUrls": [
            "string"
        ],
        "tags": [
            {
                "id": 0,
                "name": "string"
            }
        ],
        "status": "available"
    },
    {
        "id": 9223372036854262810,
        "category": {
            "id": 0,
            "name": "string"
        },
        "name": "fish",
        "photoUrls": [
            "string"
        ],
        "tags": [
            {
                "id": 0,
                "name": "string"
            }
        ],
        "status": "available"
    },
    {
        "id": 9223372036854262811,
        "category": {
            "id": 0,
            "name": "string"
        },
        "name": "doggie",
        "photoUrls": [
            "string"
        ],
        "tags": [
            {
                "id": 0,
                "name": "string"
            }
        ],
        "status": "available"
    },
    {
        "id": 9223372036854262813,
        "category": {
            "id": 0,
            "name": "string"
        },
        "name": "fish",
        "photoUrls": [
            "string"
        ],
        "tags": [
            {
                "id": 0,
                "name": "string"
            }
        ],
        "status": "available"
    },
    {
        "id": 9223372036854262815,
        "category": {
            "id": 0,
            "name": "string"
        },
        "name": "fish",
        "photoUrls": [
            "string"
        ],
        "tags": [
            {
                "id": 0,
                "name": "string"
            }
        ],
        "status": "available"
    },
    {
        "id": 9223372036854262817,
        "category": {
            "id": 0,
            "name": "string"
        },
        "name": "doggie",
        "photoUrls": [
            "string"
        ],
        "tags": [
            {
                "id": 0,
                "name": "string"
            }
        ],
        "status": "available"
    },
    {
        "id": 9223372036854262818,
        "category": {
            "id": 0,
            "name": "string"
        },
        "name": "fish",
        "photoUrls": [
            "string"
        ],
        "tags": [
            {
                "id": 0,
                "name": "string"
            }
        ],
        "status": "available"
    },
    {
        "id": 9223372036854262821,
        "category": {
            "id": 0,
            "name": "string"
        },
        "name": "fish",
        "photoUrls": [
            "string"
        ],
        "tags": [
            {
                "id": 0,
                "name": "string"
            }
        ],
        "status": "available"
    },
    {
        "id": 9223372036854262822,
        "category": {
            "id": 0,
            "name": "monkey"
        },
        "name": "Banana",
        "photoUrls": [
            "string"
        ],
        "tags": [
            {
                "id": 0,
                "name": "string"
            }
        ],
        "status": "available"
    },
    {
        "id": 9223372036854262829,
        "category": {
            "id": 0,
            "name": "string"
        },
        "name": "doggie",
        "photoUrls": [
            "string"
        ],
        "tags": [
            {
                "id": 0,
                "name": "string"
            }
        ],
        "status": "available"
    },
    {
        "id": 9223372036854262830,
        "category": {
            "id": 0,
            "name": "string"
        },
        "name": "doggie",
        "photoUrls": [
            "string"
        ],
        "tags": [
            {
                "id": 0,
                "name": "string"
            }
        ],
        "status": "available"
    },
    {
        "id": 9223372036854262831,
        "category": {
            "id": 0,
            "name": "string"
        },
        "name": "doggie",
        "photoUrls": [
            "string"
        ],
        "tags": [
            {
                "id": 0,
                "name": "string"
            }
        ],
        "status": "available"
    },
    {
        "id": 9223372036854262832,
        "category": {
            "id": 0,
            "name": "string"
        },
        "name": "doggie",
        "photoUrls": [
            "string"
        ],
        "tags": [
            {
                "id": 0,
                "name": "string"
            }
        ],
        "status": "available"
    },
    {
        "id": 9223372036854262833,
        "category": {
            "id": 0,
            "name": "string"
        },
        "name": "doggie",
        "photoUrls": [
            "string"
        ],
        "tags": [
            {
                "id": 0,
                "name": "string"
            }
        ],
        "status": "available"
    },
    {
        "id": 9223372036854262834,
        "category": {
            "id": 0,
            "name": "string"
        },
        "name": "doggie",
        "photoUrls": [
            "string"
        ],
        "tags": [
            {
                "id": 0,
                "name": "string"
            }
        ],
        "status": "available"
    },
    {
        "id": 9223372036854262835,
        "category": {
            "id": 0,
            "name": "string"
        },
        "name": "doggie",
        "photoUrls": [
            "string"
        ],
        "tags": [
            {
                "id": 0,
                "name": "string"
            }
        ],
        "status": "available"
    },
    {
        "id": 9223372036854262836,
        "category": {
            "id": 0,
            "name": "string"
        },
        "name": "doggie",
        "photoUrls": [
            "string"
        ],
        "tags": [
            {
                "id": 0,
                "name": "string"
            }
        ],
        "status": "available"
    },
    {
        "id": 9223372036854262837,
        "category": {
            "id": 0,
            "name": "string"
        },
        "name": "doggie",
        "photoUrls": [
            "string"
        ],
        "tags": [
            {
                "id": 0,
                "name": "string"
            }
        ],
        "status": "available"
    },
    {
        "id": 9223372036854262838,
        "category": {
            "id": 0,
            "name": "string"
        },
        "name": "doggie",
        "photoUrls": [
            "string"
        ],
        "tags": [
            {
                "id": 0,
                "name": "string"
            }
        ],
        "status": "available"
    },
    {
        "id": 9223372036854262839,
        "category": {
            "id": 0,
            "name": "string"
        },
        "name": "doggie",
        "photoUrls": [
            "string"
        ],
        "tags": [
            {
                "id": 0,
                "name": "string"
            }
        ],
        "status": "available"
    },
    {
        "id": 9223372036854262840,
        "category": {
            "id": 0,
            "name": "string"
        },
        "name": "doggie",
        "photoUrls": [
            "string"
        ],
        "tags": [
            {
                "id": 0,
                "name": "string"
            }
        ],
        "status": "available"
    },
    {
        "id": 9223372036854262841,
        "category": {
            "id": 0,
            "name": "string"
        },
        "name": "fish",
        "photoUrls": [
            "string"
        ],
        "tags": [
            {
                "id": 0,
                "name": "string"
            }
        ],
        "status": "available"
    },
    {
        "id": 9223372036854262842,
        "category": {
            "id": 0,
            "name": "string"
        },
        "name": "doggie",
        "photoUrls": [
            "string"
        ],
        "tags": [
            {
                "id": 0,
                "name": "string"
            }
        ],
        "status": "available"
    },
    {
        "id": 9223372036854262843,
        "category": {
            "id": 0,
            "name": "string"
        },
        "name": "doggie",
        "photoUrls": [
            "string"
        ],
        "tags": [
            {
                "id": 0,
                "name": "string"
            }
        ],
        "status": "available"
    },
    {
        "id": 9223372036854262844,
        "category": {
            "id": 0,
            "name": "string"
        },
        "name": "doggie",
        "photoUrls": [
            "string"
        ],
        "tags": [
            {
                "id": 0,
                "name": "string"
            }
        ],
        "status": "available"
    },
    {
        "id": 9223372036854262845,
        "category": {
            "id": 0,
            "name": "string"
        },
        "name": "doggie",
        "photoUrls": [
            "string"
        ],
        "tags": [
            {
                "id": 0,
                "name": "string"
            }
        ],
        "status": "available"
    },
    {
        "id": 9223372036854262846,
        "category": {
            "id": 0,
            "name": "string"
        },
        "name": "doggie",
        "photoUrls": [
            "string"
        ],
        "tags": [
            {
                "id": 0,
                "name": "string"
            }
        ],
        "status": "available"
    },
    {
        "id": 9223372036854262847,
        "category": {
            "id": 0,
            "name": "string"
        },
        "name": "doggie",
        "photoUrls": [
            "string"
        ],
        "tags": [
            {
                "id": 0,
                "name": "string"
            }
        ],
        "status": "available"
    },
    {
        "id": 9223372036854262849,
        "category": {
            "id": 0,
            "name": "string"
        },
        "name": "fish",
        "photoUrls": [
            "string"
        ],
        "tags": [
            {
                "id": 0,
                "name": "string"
            }
        ],
        "status": "available"
    },
    {
        "id": 9223372036854262858,
        "category": {
            "id": 0,
            "name": "monkey"
        },
        "name": "Banana",
        "photoUrls": [
            "string"
        ],
        "tags": [
            {
                "id": 0,
                "name": "string"
            }
        ],
        "status": "available"
    },
    {
        "id": 9223372036854262859,
        "category": {
            "id": 0,
            "name": "string"
        },
        "name": "fish",
        "photoUrls": [
            "string"
        ],
        "tags": [
            {
                "id": 0,
                "name": "string"
            }
        ],
        "status": "available"
    },
    {
        "id": 9223372036854262860,
        "category": {
            "id": 0,
            "name": "string"
        },
        "name": "fish",
        "photoUrls": [
            "string"
        ],
        "tags": [
            {
                "id": 0,
                "name": "string"
            }
        ],
        "status": "available"
    },
    {
        "id": 9223372036854262861,
        "category": {
            "id": 0,
            "name": "string"
        },
        "name": "doggie",
        "photoUrls": [
            "string"
        ],
        "tags": [
            {
                "id": 0,
                "name": "string"
            }
        ],
        "status": "available"
    },
    {
        "id": 9223372036854262863,
        "category": {
            "id": 0,
            "name": "string"
        },
        "name": "doggie",
        "photoUrls": [
            "string"
        ],
        "tags": [
            {
                "id": 0,
                "name": "string"
            }
        ],
        "status": "available"
    },
    {
        "id": 50,
        "category": {
            "id": 210,
            "name": "cat"
        },
        "name": "doggie",
        "photoUrls": [
            "string"
        ],
        "tags": [
            {
                "id": 220,
                "name": "dog"
            }
        ],
        "status": "available"
    },
    {
        "id": 9223372036854262866,
        "category": {
            "id": 0,
            "name": "string"
        },
        "name": "doggie",
        "photoUrls": [
            "string"
        ],
        "tags": [
            {
                "id": 0,
                "name": "string"
            }
        ],
        "status": "available"
    },
    {
        "id": 9223372036854262867,
        "category": {
            "id": 0,
            "name": "string"
        },
        "name": "doggie",
        "photoUrls": [
            "string"
        ],
        "tags": [
            {
                "id": 0,
                "name": "string"
            }
        ],
        "status": "available"
    },
    {
        "id": 9223372036854262868,
        "category": {
            "id": 0,
            "name": "string"
        },
        "name": "doggie",
        "photoUrls": [
            "string"
        ],
        "tags": [
            {
                "id": 0,
                "name": "string"
            }
        ],
        "status": "available"
    },
    {
        "id": 9223372036854262869,
        "category": {
            "id": 0,
            "name": "string"
        },
        "name": "doggie",
        "photoUrls": [
            "string"
        ],
        "tags": [
            {
                "id": 0,
                "name": "string"
            }
        ],
        "status": "available"
    },
    {
        "id": 9223372036854262870,
        "category": {
            "id": 0,
            "name": "string"
        },
        "name": "doggie",
        "photoUrls": [
            "string"
        ],
        "tags": [
            {
                "id": 0,
                "name": "string"
            }
        ],
        "status": "available"
    },
    {
        "id": 9223372036854262871,
        "category": {
            "id": 0,
            "name": "string"
        },
        "name": "doggie",
        "photoUrls": [
            "string"
        ],
        "tags": [
            {
                "id": 0,
                "name": "string"
            }
        ],
        "status": "available"
    },
    {
        "id": 9223372036854262872,
        "category": {
            "id": 0,
            "name": "string"
        },
        "name": "doggie",
        "photoUrls": [
            "string"
        ],
        "tags": [
            {
                "id": 0,
                "name": "string"
            }
        ],
        "status": "available"
    },
    {
        "id": 9223372036854262873,
        "category": {
            "id": 0,
            "name": "string"
        },
        "name": "fish",
        "photoUrls": [
            "string"
        ],
        "tags": [
            {
                "id": 0,
                "name": "string"
            }
        ],
        "status": "available"
    },
    {
        "id": 9223372036854262874,
        "category": {
            "id": 0,
            "name": "string"
        },
        "name": "doggie",
        "photoUrls": [
            "string"
        ],
        "tags": [
            {
                "id": 0,
                "name": "string"
            }
        ],
        "status": "available"
    },
    {
        "id": 9223372036854262875,
        "category": {
            "id": 0,
            "name": "string"
        },
        "name": "doggie",
        "photoUrls": [
            "string"
        ],
        "tags": [
            {
                "id": 0,
                "name": "string"
            }
        ],
        "status": "available"
    },
    {
        "id": 9223372036854262876,
        "category": {
            "id": 0,
            "name": "string"
        },
        "name": "doggie",
        "photoUrls": [
            "string"
        ],
        "tags": [
            {
                "id": 0,
                "name": "string"
            }
        ],
        "status": "available"
    },
    {
        "id": 9223372036854262877,
        "category": {
            "id": 0,
            "name": "string"
        },
        "name": "doggie",
        "photoUrls": [
            "string"
        ],
        "tags": [
            {
                "id": 0,
                "name": "string"
            }
        ],
        "status": "available"
    },
    {
        "id": 9223372036854262878,
        "category": {
            "id": 0,
            "name": "string"
        },
        "name": "fish",
        "photoUrls": [
            "string"
        ],
        "tags": [
            {
                "id": 0,
                "name": "string"
            }
        ],
        "status": "available"
    },
    {
        "id": 9223372036854262879,
        "category": {
            "id": 0,
            "name": "string"
        },
        "name": "doggie",
        "photoUrls": [
            "string"
        ],
        "tags": [
            {
                "id": 0,
                "name": "string"
            }
        ],
        "status": "available"
    },
    {
        "id": 9223372036854262880,
        "category": {
            "id": 0,
            "name": "string"
        },
        "name": "doggie",
        "photoUrls": [
            "string"
        ],
        "tags": [
            {
                "id": 0,
                "name": "string"
            }
        ],
        "status": "available"
    },
    {
        "id": 9223372036854262881,
        "category": {
            "id": 0,
            "name": "string"
        },
        "name": "doggie",
        "photoUrls": [
            "string"
        ],
        "tags": [
            {
                "id": 0,
                "name": "string"
            }
        ],
        "status": "available"
    },
    {
        "id": 9223372036854262883,
        "category": {
            "id": 0,
            "name": "string"
        },
        "name": "fish",
        "photoUrls": [
            "string"
        ],
        "tags": [
            {
                "id": 0,
                "name": "string"
            }
        ],
        "status": "available"
    },
    {
        "id": 9223372036854262884,
        "category": {
            "id": 0,
            "name": "string"
        },
        "name": "doggie",
        "photoUrls": [
            "string"
        ],
        "tags": [
            {
                "id": 0,
                "name": "string"
            }
        ],
        "status": "available"
    },
    {
        "id": 9223372036854262885,
        "category": {
            "id": 0,
            "name": "string"
        },
        "name": "doggie",
        "photoUrls": [
            "string"
        ],
        "tags": [
            {
                "id": 0,
                "name": "string"
            }
        ],
        "status": "available"
    },
    {
        "id": 9223372036854262886,
        "category": {
            "id": 0,
            "name": "string"
        },
        "name": "doggie",
        "photoUrls": [
            "string"
        ],
        "tags": [
            {
                "id": 0,
                "name": "string"
            }
        ],
        "status": "available"
    },
    {
        "id": 9223372036854262887,
        "category": {
            "id": 0,
            "name": "string"
        },
        "name": "doggie",
        "photoUrls": [
            "string"
        ],
        "tags": [
            {
                "id": 0,
                "name": "string"
            }
        ],
        "status": "available"
    },
    {
        "id": 9223372036854262888,
        "category": {
            "id": 0,
            "name": "string"
        },
        "name": "doggie",
        "photoUrls": [
            "string"
        ],
        "tags": [
            {
                "id": 0,
                "name": "string"
            }
        ],
        "status": "available"
    },
    {
        "id": 9223372036854262889,
        "category": {
            "id": 0,
            "name": "string"
        },
        "name": "doggie",
        "photoUrls": [
            "string"
        ],
        "tags": [
            {
                "id": 0,
                "name": "string"
            }
        ],
        "status": "available"
    },
    {
        "id": 9223372036854262892,
        "category": {
            "id": 0,
            "name": "string"
        },
        "name": "fish",
        "photoUrls": [
            "string"
        ],
        "tags": [
            {
                "id": 0,
                "name": "string"
            }
        ],
        "status": "available"
    },
    {
        "id": 9223372036854262898,
        "category": {
            "id": 0,
            "name": "string"
        },
        "name": "fish",
        "photoUrls": [
            "string"
        ],
        "tags": [
            {
                "id": 0,
                "name": "string"
            }
        ],
        "status": "available"
    },
    {
        "id": 9223372036854262942,
        "category": {
            "id": 0,
            "name": "string"
        },
        "name": "fish",
        "photoUrls": [
            "string"
        ],
        "tags": [
            {
                "id": 0,
                "name": "string"
            }
        ],
        "status": "available"
    },
    {
        "id": 9223372036854262944,
        "category": {
            "id": 0,
            "name": "string"
        },
        "name": "doggie",
        "photoUrls": [
            ""
        ],
        "tags": [
            {
                "id": 0,
                "name": "string"
            }
        ],
        "status": "available"
    },
    {
        "id": 9223372036854262946,
        "category": {
            "id": 0,
            "name": "string"
        },
        "name": "doggie",
        "photoUrls": [
            
        ],
        "tags": [
            {
                "id": 0,
                "name": "string"
            }
        ],
        "status": "available"
    },
    {
        "id": 9223372036854262947,
        "category": {
            "id": 0,
            "name": "string"
        },
        "name": "doggie",
        "photoUrls": [
            
        ],
        "tags": [
            {
                "id": 0,
                "name": "string"
            }
        ],
        "status": "available"
    },
    {
        "id": 9223372036854262948,
        "category": {
            "id": 0,
            "name": "string"
        },
        "name": "fish",
        "photoUrls": [
            "string"
        ],
        "tags": [
            {
                "id": 0,
                "name": "string"
            }
        ],
        "status": "available"
    },
    {
        "id": 9223372036854262949,
        "category": {
            "id": 0,
            "name": "string"
        },
        "photoUrls": [
            
        ],
        "tags": [
            {
                "id": 0,
                "name": "string"
            }
        ],
        "status": "available"
    },
    {
        "id": 9223372036854262953,
        "category": {
            "id": 0,
            "name": "string"
        },
        "name": "fish",
        "photoUrls": [
            "string"
        ],
        "tags": [
            {
                "id": 0,
                "name": "string"
            }
        ],
        "status": "available"
    },
    {
        "id": 9223372036854262954,
        "category": {
            "id": 0,
            "name": "string"
        },
        "name": "fish",
        "photoUrls": [
            "string"
        ],
        "tags": [
            {
                "id": 0,
                "name": "string"
            }
        ],
        "status": "available"
    },
    {
        "id": 9223372036854262955,
        "category": {
            "id": 0,
            "name": "string"
        },
        "name": "doggie",
        "photoUrls": [
            "string"
        ],
        "tags": [
            
        ],
        "status": "available"
    },
    {
        "id": 9223372036854262956,
        "category": {
            "id": 0,
            "name": "string"
        },
        "name": "doggie",
        "photoUrls": [
            "string"
        ],
        "tags": [
            {
                "id": 0,
                "name": "string"
            }
        ],
        "status": "available"
    },
    {
        "id": 9223372036854262957,
        "category": {
            "id": 0,
            "name": "string"
        },
        "name": "fish",
        "photoUrls": [
            "string"
        ],
        "tags": [
            {
                "id": 0,
                "name": "string"
            }
        ],
        "status": "available"
    },
    {
        "id": 9223372036854262960,
        "category": {
            "id": 0,
            "name": "string"
        },
        "name": "doggie",
        "photoUrls": [
            "string"
        ],
        "tags": [
            {
                "id": 0,
                "name": "string"
            }
        ],
        "status": "available"
    },
    {
        "id": 9223372036854262961,
        "category": {
            "id": 0,
            "name": "string"
        },
        "name": "doggie",
        "photoUrls": [
            "string"
        ],
        "tags": [
            {
                "id": 0,
                "name": "string"
            }
        ],
        "status": "available"
    },
    {
        "id": 9223372036854262962,
        "category": {
            "id": 0,
            "name": "string"
        },
        "name": "doggie",
        "photoUrls": [
            "string"
        ],
        "tags": [
            {
                "id": 0,
                "name": "string"
            }
        ],
        "status": "available"
    },
    {
        "id": 9223372036854262963,
        "category": {
            "id": 0,
            "name": "string"
        },
        "name": "doggie",
        "photoUrls": [
            "string"
        ],
        "tags": [
            {
                "id": 0,
                "name": "string"
            }
        ],
        "status": "available"
    },
    {
        "id": 9223372036854262964,
        "category": {
            "id": 0,
            "name": "string"
        },
        "name": "doggie",
        "photoUrls": [
            "string"
        ],
        "tags": [
            {
                "id": 0,
                "name": "string"
            }
        ],
        "status": "available"
    },
    {
        "id": 9223372036854262965,
        "category": {
            "id": 0,
            "name": "string"
        },
        "name": "doggie",
        "photoUrls": [
            "string"
        ],
        "tags": [
            {
                "id": 0,
                "name": "string"
            }
        ],
        "status": "available"
    },
    {
        "id": 9223372036854262966,
        "category": {
            "id": 0,
            "name": "string"
        },
        "name": "doggie",
        "photoUrls": [
            "string"
        ],
        "tags": [
            {
                "id": 0,
                "name": "string"
            }
        ],
        "status": "available"
    },
    {
        "id": 9223372036854262967,
        "category": {
            "id": 0,
            "name": "string"
        },
        "name": "doggie",
        "photoUrls": [
            "string"
        ],
        "tags": [
            {
                "id": 0,
                "name": "string"
            }
        ],
        "status": "available"
    },
    {
        "id": 9223372036854262968,
        "category": {
            "id": 0,
            "name": "string"
        },
        "name": "doggie",
        "photoUrls": [
            "string"
        ],
        "tags": [
            {
                "id": 0,
                "name": "string"
            }
        ],
        "status": "available"
    },
    {
        "id": 9223372036854262969,
        "category": {
            "id": 0,
            "name": "string"
        },
        "name": "doggie",
        "photoUrls": [
            "string"
        ],
        "tags": [
            {
                "id": 0,
                "name": "string"
            }
        ],
        "status": "available"
    },
    {
        "id": 9223372036854262970,
        "category": {
            "id": 0,
            "name": "string"
        },
        "name": "doggie",
        "photoUrls": [
            "string"
        ],
        "tags": [
            {
                "id": 0,
                "name": "string"
            }
        ],
        "status": "available"
    },
    {
        "id": 9223372036854262971,
        "category": {
            "id": 0,
            "name": "string"
        },
        "name": "doggie",
        "photoUrls": [
            "string"
        ],
        "tags": [
            {
                "id": 0,
                "name": "string"
            }
        ],
        "status": "available"
    },
    {
        "id": 9223372036854262972,
        "category": {
            "id": 0,
            "name": "string"
        },
        "name": "doggie",
        "photoUrls": [
            "string"
        ],
        "tags": [
            {
                "id": 0,
                "name": "string"
            }
        ],
        "status": "available"
    },
    {
        "id": 9223372036854262973,
        "category": {
            "id": 0,
            "name": "string"
        },
        "name": "doggie",
        "photoUrls": [
            "string"
        ],
        "tags": [
            {
                "id": 0,
                "name": "string"
            }
        ],
        "status": "available"
    },
    {
        "id": 9223372036854262974,
        "category": {
            "id": 0,
            "name": "string"
        },
        "name": "doggie",
        "photoUrls": [
            "string"
        ],
        "tags": [
            {
                "id": 0,
                "name": "string"
            }
        ],
        "status": "available"
    },
    {
        "id": 9223372036854262975,
        "category": {
            "id": 0,
            "name": "string"
        },
        "name": "fish",
        "photoUrls": [
            "string"
        ],
        "tags": [
            {
                "id": 0,
                "name": "string"
            }
        ],
        "status": "available"
    },
    {
        "id": 9223372036854262976,
        "category": {
            "id": 0,
            "name": "string"
        },
        "name": "doggie",
        "photoUrls": [
            "string"
        ],
        "tags": [
            {
                "id": 0,
                "name": "string"
            }
        ],
        "status": "available"
    },
    {
        "id": 9223372036854262977,
        "category": {
            "id": 0,
            "name": "string"
        },
        "name": "doggie",
        "photoUrls": [
            "string"
        ],
        "tags": [
            {
                "id": 0,
                "name": "string"
            }
        ],
        "status": "available"
    },
    {
        "id": 9223372036854262978,
        "category": {
            "id": 0,
            "name": "string"
        },
        "name": "doggie",
        "photoUrls": [
            "string"
        ],
        "tags": [
            {
                "id": 0,
                "name": "string"
            }
        ],
        "status": "available"
    },
    {
        "id": 9223372036854262979,
        "category": {
            "id": 0,
            "name": "string"
        },
        "name": "doggie",
        "photoUrls": [
            "string"
        ],
        "tags": [
            {
                "id": 0,
                "name": "string"
            }
        ],
        "status": "available"
    },
    {
        "id": 9223372036854262980,
        "category": {
            "id": 0,
            "name": "string"
        },
        "name": "fish",
        "photoUrls": [
            "string"
        ],
        "tags": [
            {
                "id": 0,
                "name": "string"
            }
        ],
        "status": "available"
    },
    {
        "id": 80390,
        "category": {
            "id": 803,
            "name": "rubby"
        },
        "name": "rubby",
        "photoUrls": [
            "string"
        ],
        "tags": [
            {
                "id": 803,
                "name": "rubby"
            }
        ],
        "status": "available"
    },
    {
        "id": 9223372036854262991,
        "category": {
            "id": 0,
            "name": "string"
        },
        "name": "fish",
        "photoUrls": [
            "string"
        ],
        "tags": [
            {
                "id": 0,
                "name": "string"
            }
        ],
        "status": "available"
    },
    {
        "id": 9223372036854262993,
        "category": {
            "id": 0,
            "name": "string"
        },
        "name": "fish",
        "photoUrls": [
            "string"
        ],
        "tags": [
            {
                "id": 0,
                "name": "string"
            }
        ],
        "status": "available"
    },
    {
        "id": 32185767,
        "category": {
            "id": 0,
            "name": "Cat"
        },
        "name": "Fog",
        "photoUrls": [
            "test.ok/test.jpeg"
        ],
        "tags": [
            {
                "id": 845,
                "name": "ccksv"
            }
        ],
        "status": "available"
    },
    {
        "id": 17745278,
        "category": {
            "id": 0,
            "name": "cat"
        },
        "name": "jiji",
        "photoUrls": [
            "url"
        ],
        "tags": [
            {
                "id": 672,
                "name": "bdbhm"
            }
        ],
        "status": "available"
    }
]
Request method:	DELETE
Request URI:	https://petstore.swagger.io/v2/pet?petId=9223372036854251011
Proxy:			<none>
Request params:	<none>
Query params:	petId=9223372036854251011
Form params:	<none>
Path params:	<none>
Headers:		xAutomation=true
				Accept=*/*
				Content-Type=application/json
Cookies:		<none>
Multiparts:		<none>
Body:			<none>
<apiResponse>
  <type>unknown</type>
</apiResponse>
]]></system-out>
  </testcase>
  <testcase name="findPetByStatusCheckWithInvalidStatus" classname="services.pet.FindPetByStatusTest" time="0.52"/>
  <testcase name="findPetByStatusCheckWithNullStatus" classname="services.pet.FindPetByStatusTest" time="0.526"/>
  <testcase name="findPetByStatusCheckWithWhiteSpaceStatus" classname="services.pet.FindPetByStatusTest" time="0.513"/>
  <testcase name="findPetByStatusHappyPath" classname="services.pet.FindPetByStatusTest" time="52.063"/>
  <testcase name="updatePetHappyPath" classname="services.pet.UpdatePetTest" time="0.537"/>
</testsuite>