<?xml version="1.0" encoding="UTF-8"?>
<!-- Generated by org.testng.reporters.JUnitReportReporter -->
<testsuite hostname="OBL-COM-0279" failures="0" tests="1" name="services.pet.UpdatePetTest" time="0.546" errors="0" timestamp="2022-10-05T22:26:22 TRT" skipped="0">
  <testcase classname="services.pet.UpdatePetTest" name="updatePetHappyPath" time="0.546"/>
  <system-out/>
</testsuite> <!-- services.pet.UpdatePetTest -->
