<?xml version="1.0" encoding="UTF-8"?>
<!-- Generated by org.testng.reporters.JUnitReportReporter -->
<testsuite hostname="OBL-COM-0279" failures="0" tests="1" name="services.pet.CreatePetTest" time="0.900" errors="0" timestamp="2022-10-05T23:09:34 TRT" skipped="0">
  <testcase classname="services.pet.CreatePetTest" name="createPetHappyPath" time="0.900"/>
  <system-out/>
</testsuite> <!-- services.pet.CreatePetTest -->
