<?xml version="1.0" encoding="UTF-8"?>
<!-- Generated by org.testng.reporters.JUnitReportReporter -->
<testsuite hostname="OBL-COM-0279" failures="0" tests="4" name="services.pet.FindPetByStatusTest" time="34.193" errors="0" timestamp="2022-10-05T23:09:34 TRT" skipped="0">
  <testcase classname="services.pet.FindPetByStatusTest" name="findPetByStatusCheckWithInvalidStatus" time="0.532"/>
  <system-out/>
  <testcase classname="services.pet.FindPetByStatusTest" name="findPetByStatusCheckWithWhiteSpaceStatus" time="0.536"/>
  <system-out/>
  <testcase classname="services.pet.FindPetByStatusTest" name="findPetByStatusHappyPath" time="32.586"/>
  <system-out/>
  <testcase classname="services.pet.FindPetByStatusTest" name="findPetByStatusCheckWithNullStatus" time="0.539"/>
  <system-out/>
</testsuite> <!-- services.pet.FindPetByStatusTest -->
