<?xml version="1.0" encoding="UTF-8"?>
<!-- Generated by org.testng.reporters.JUnitReportReporter -->
<testsuite hostname="OBL-COM-0279" failures="0" tests="4" name="services.pet.FindPetByStatusTest" time="53.622" errors="0" timestamp="2022-10-05T19:54:28 TRT" skipped="0">
  <testcase classname="services.pet.FindPetByStatusTest" name="findPetByStatusCheckWithWhiteSpaceStatus" time="0.514"/>
  <system-out/>
  <testcase classname="services.pet.FindPetByStatusTest" name="findPetByStatusCheckWithNullStatus" time="0.526"/>
  <system-out/>
  <testcase classname="services.pet.FindPetByStatusTest" name="findPetByStatusCheckWithInvalidStatus" time="0.519"/>
  <system-out/>
  <testcase classname="services.pet.FindPetByStatusTest" name="findPetByStatusHappyPath" time="52.063"/>
  <system-out/>
</testsuite> <!-- services.pet.FindPetByStatusTest -->
